

08:07:13.020986
Register Request 0


08:07:17.294550
Register Request 1


08:07:27.251569
Register Request 2


08:07:27.252313
Register Response 0


08:07:27.252491
Register Response 1


08:07:27.252615
Register Response 2


08:08:09.193435
Register Request 0


08:08:11.544899
Register Request 1


08:08:13.576413
Register Request 2


08:08:13.576673
Register Response 0


08:08:13.576908
Register Response 1


08:08:13.577139
Register Response 2


08:08:13.577350
Routing Update
0,0:0,0
0,1:0,20
0,2:0,10
1,0:1,20
1,1:1,0
1,2:1,30
2,0:2,10
2,1:2,30
2,2:2,0
Routing Complete


08:17:01.922986
Register Request 0


08:17:04.115553
Register Request 1


08:17:06.259981
Register Request 2


08:17:06.260202
Register Response 0


08:17:06.260403
Register Response 1


08:17:06.260685
Register Response 2


08:17:06.260881
Routing Update
0,0:0,0
0,1:0,20
0,2:0,10
1,0:1,20
1,1:1,0
1,2:1,30
2,0:2,10
2,1:2,30
2,2:2,0
Routing Complete


08:21:20.947038
Register Request 0


08:21:23.513661
Register Request 1


08:21:25.770335
Register Request 2


08:21:25.770857
Register Response 0


08:21:25.771258
Register Response 1


08:21:25.771656
Register Response 2


08:21:25.772046
Routing Update
0,0:0,0
0,1:0,20
0,2:0,10
1,0:1,20
1,1:1,0
1,2:1,30
2,0:2,10
2,1:2,30
2,2:2,0
Routing Complete


08:22:32.507637
Register Request 0


08:22:34.655482
Register Request 1


08:22:36.634626
Register Request 2


08:22:36.635378
Register Response 0


08:22:36.635661
Register Response 1


08:22:36.635805
Register Response 2


08:22:36.636185
Routing Update
0,0:0,0
0,1:0,20
0,2:0,10
1,0:1,20
1,1:1,0
1,2:1,30
2,0:2,10
2,1:2,30
2,2:2,0
Routing Complete


08:23:36.694518
Register Request 0


08:23:38.823880
Register Request 1


08:23:40.781718
Register Request 2


08:23:40.781954
Register Response 0


08:23:40.782157
Register Response 1


08:23:40.782388
Register Response 2


08:23:40.782465
Routing Update
0,0:0,0
0,1:0,20
0,2:0,10
1,0:1,20
1,1:1,0
1,2:1,30
2,0:2,10
2,1:2,30
2,2:2,0
Routing Complete


08:23:40.783724
Routing Update
0,0:0,0
0,1:2,40
0,2:0,20
1,0:2,40
1,1:1,0
1,2:1,20
2,0:2,20
2,1:2,20
2,2:2,0
Routing Complete


08:25:04.509339
Register Request 0


08:25:06.572075
Register Request 1


08:25:08.733631
Register Request 2


08:25:08.733934
Register Response 0


08:25:08.734182
Register Response 1


08:25:08.734416
Register Response 2


08:25:08.734565
Routing Update
0,0:0,0
0,1:0,20
0,2:0,10
1,0:1,20
1,1:1,0
1,2:1,30
2,0:2,10
2,1:2,30
2,2:2,0
Routing Complete


08:25:08.736612
Routing Update
0,0:0,0
0,1:2,40
0,2:0,20
1,0:2,40
1,1:1,0
1,2:1,20
2,0:2,20
2,1:2,20
2,2:2,0
Routing Complete


08:33:00.070664
Register Request 0


08:33:02.210847
Register Request 1


08:33:04.639281
Register Request 2


08:33:04.639477
Register Response 0


08:33:04.639583
Register Response 1


08:33:04.639685
Register Response 2


08:33:04.639775
Routing Update
0,0:0,0
0,1:0,20
0,2:0,10
1,0:1,20
1,1:1,0
1,2:1,30
2,0:2,10
2,1:2,30
2,2:2,0
Routing Complete


08:33:04.640619
Routing Update
0,0:0,0
0,1:2,40
0,2:0,20
1,0:2,40
1,1:1,0
1,2:1,20
2,0:2,20
2,1:2,20
2,2:2,0
Routing Complete


08:36:49.664395
Register Request 0


08:36:51.883585
Register Request 1


08:36:54.148790
Register Request 2


08:36:54.149059
Register Response 0


08:36:54.149221
Register Response 1


08:36:54.149564
Register Response 2


08:36:54.149686
Routing Update
0,0:0,0
0,1:0,20
0,2:0,10
1,0:1,20
1,1:1,0
1,2:1,30
2,0:2,10
2,1:2,30
2,2:2,0
Routing Complete


08:36:54.151506
Routing Update
0,0:0,0
0,1:-1,9999
0,2:0,20
1,0:-1,9999
1,1:1,0
1,2:-1,9999
2,0:2,20
2,1:-1,9999
2,2:2,0
Routing Complete


08:36:54.152776
Routing Update
0,0:0,0
0,1:-1,9999
0,2:-1,9999
1,0:-1,9999
1,1:1,0
1,2:-1,9999
2,0:-1,9999
2,1:-1,9999
2,2:2,0
Routing Complete


08:36:54.153255
Routing Update
0,0:0,0
0,1:-1,9999
0,2:-1,9999
1,0:-1,9999
1,1:1,0
1,2:-1,9999
2,0:-1,9999
2,1:-1,9999
2,2:2,0
Routing Complete


08:37:00.151734
Routing Update
0,0:0,0
0,1:-1,9999
0,2:-1,9999
1,0:-1,9999
1,1:1,0
1,2:-1,9999
2,0:-1,9999
2,1:-1,9999
2,2:2,0
Routing Complete


08:37:06.154178
Routing Update
0,0:0,0
0,1:-1,9999
0,2:-1,9999
1,0:-1,9999
1,1:1,0
1,2:-1,9999
2,0:-1,9999
2,1:-1,9999
2,2:2,0
Routing Complete


08:37:06.155561
Routing Update
0,0:0,0
0,1:-1,9999
0,2:-1,9999
1,0:-1,9999
1,1:1,0
1,2:-1,9999
2,0:-1,9999
2,1:-1,9999
2,2:2,0
Routing Complete


08:37:06.156266
Routing Update
0,0:0,0
0,1:-1,9999
0,2:-1,9999
1,0:-1,9999
1,1:1,0
1,2:-1,9999
2,0:-1,9999
2,1:-1,9999
2,2:2,0
Routing Complete


08:37:12.156650
Routing Update
0,0:0,0
0,1:-1,9999
0,2:-1,9999
1,0:-1,9999
1,1:1,0
1,2:-1,9999
2,0:-1,9999
2,1:-1,9999
2,2:2,0
Routing Complete


08:37:12.157240
Routing Update
0,0:0,0
0,1:-1,9999
0,2:-1,9999
1,0:-1,9999
1,1:1,0
1,2:-1,9999
2,0:-1,9999
2,1:-1,9999
2,2:2,0
Routing Complete


08:37:12.157919
Routing Update
0,0:0,0
0,1:-1,9999
0,2:-1,9999
1,0:-1,9999
1,1:1,0
1,2:-1,9999
2,0:-1,9999
2,1:-1,9999
2,2:2,0
Routing Complete


08:37:18.158440
Routing Update
0,0:0,0
0,1:-1,9999
0,2:-1,9999
1,0:-1,9999
1,1:1,0
1,2:-1,9999
2,0:-1,9999
2,1:-1,9999
2,2:2,0
Routing Complete


08:37:18.159020
Routing Update
0,0:0,0
0,1:-1,9999
0,2:-1,9999
1,0:-1,9999
1,1:1,0
1,2:-1,9999
2,0:-1,9999
2,1:-1,9999
2,2:2,0
Routing Complete


08:37:18.159605
Routing Update
0,0:0,0
0,1:-1,9999
0,2:-1,9999
1,0:-1,9999
1,1:1,0
1,2:-1,9999
2,0:-1,9999
2,1:-1,9999
2,2:2,0
Routing Complete


08:37:24.160628
Routing Update
0,0:0,0
0,1:-1,9999
0,2:-1,9999
1,0:-1,9999
1,1:1,0
1,2:-1,9999
2,0:-1,9999
2,1:-1,9999
2,2:2,0
Routing Complete


08:37:24.161396
Routing Update
0,0:0,0
0,1:-1,9999
0,2:-1,9999
1,0:-1,9999
1,1:1,0
1,2:-1,9999
2,0:-1,9999
2,1:-1,9999
2,2:2,0
Routing Complete


08:37:24.161738
Routing Update
0,0:0,0
0,1:-1,9999
0,2:-1,9999
1,0:-1,9999
1,1:1,0
1,2:-1,9999
2,0:-1,9999
2,1:-1,9999
2,2:2,0
Routing Complete


08:37:30.162122
Routing Update
0,0:0,0
0,1:-1,9999
0,2:-1,9999
1,0:-1,9999
1,1:1,0
1,2:-1,9999
2,0:-1,9999
2,1:-1,9999
2,2:2,0
Routing Complete


08:37:30.162664
Routing Update
0,0:0,0
0,1:-1,9999
0,2:-1,9999
1,0:-1,9999
1,1:1,0
1,2:-1,9999
2,0:-1,9999
2,1:-1,9999
2,2:2,0
Routing Complete


08:37:30.162990
Routing Update
0,0:0,0
0,1:-1,9999
0,2:-1,9999
1,0:-1,9999
1,1:1,0
1,2:-1,9999
2,0:-1,9999
2,1:-1,9999
2,2:2,0
Routing Complete


08:37:36.164533
Routing Update
0,0:0,0
0,1:-1,9999
0,2:-1,9999
1,0:-1,9999
1,1:1,0
1,2:-1,9999
2,0:-1,9999
2,1:-1,9999
2,2:2,0
Routing Complete


08:37:36.165496
Routing Update
0,0:0,0
0,1:-1,9999
0,2:-1,9999
1,0:-1,9999
1,1:1,0
1,2:-1,9999
2,0:-1,9999
2,1:-1,9999
2,2:2,0
Routing Complete


08:37:36.165791
Routing Update
0,0:0,0
0,1:-1,9999
0,2:-1,9999
1,0:-1,9999
1,1:1,0
1,2:-1,9999
2,0:-1,9999
2,1:-1,9999
2,2:2,0
Routing Complete


08:37:42.165809
Routing Update
0,0:0,0
0,1:-1,9999
0,2:-1,9999
1,0:-1,9999
1,1:1,0
1,2:-1,9999
2,0:-1,9999
2,1:-1,9999
2,2:2,0
Routing Complete


08:37:42.166319
Routing Update
0,0:0,0
0,1:-1,9999
0,2:-1,9999
1,0:-1,9999
1,1:1,0
1,2:-1,9999
2,0:-1,9999
2,1:-1,9999
2,2:2,0
Routing Complete


08:37:42.166669
Routing Update
0,0:0,0
0,1:-1,9999
0,2:-1,9999
1,0:-1,9999
1,1:1,0
1,2:-1,9999
2,0:-1,9999
2,1:-1,9999
2,2:2,0
Routing Complete


08:37:57.618511
Register Request 0


08:38:02.034676
Register Request 1


08:38:04.418949
Register Request 2


08:38:04.419282
Register Response 0


08:38:04.419567
Register Response 1


08:38:04.419766
Register Response 2


08:38:04.419924
Routing Update
0,0:0,0
0,1:0,20
0,2:0,10
1,0:1,20
1,1:1,0
1,2:1,30
2,0:2,10
2,1:2,30
2,2:2,0
Routing Complete


08:38:04.422902
Routing Update
0,0:0,0
0,1:0,20
0,2:-1,9999
1,0:1,20
1,1:1,0
1,2:-1,9999
2,0:-1,9999
2,1:-1,9999
2,2:2,0
Routing Complete


08:38:04.424057
Routing Update
0,0:0,0
0,1:-1,9999
0,2:-1,9999
1,0:-1,9999
1,1:1,0
1,2:-1,9999
2,0:-1,9999
2,1:-1,9999
2,2:2,0
Routing Complete


08:38:04.424716
Routing Update
0,0:0,0
0,1:-1,9999
0,2:-1,9999
1,0:-1,9999
1,1:1,0
1,2:-1,9999
2,0:-1,9999
2,1:-1,9999
2,2:2,0
Routing Complete


08:38:16.422429
Routing Update
0,0:0,0
0,1:-1,9999
0,2:-1,9999
1,0:-1,9999
1,1:1,0
1,2:-1,9999
2,0:-1,9999
2,1:-1,9999
2,2:2,0
Routing Complete


08:38:16.423090
Routing Update
0,0:0,0
0,1:-1,9999
0,2:-1,9999
1,0:-1,9999
1,1:1,0
1,2:-1,9999
2,0:-1,9999
2,1:-1,9999
2,2:2,0
Routing Complete


08:38:22.424965
Routing Update
0,0:0,0
0,1:-1,9999
0,2:-1,9999
1,0:-1,9999
1,1:1,0
1,2:-1,9999
2,0:-1,9999
2,1:-1,9999
2,2:2,0
Routing Complete


08:38:22.425741
Routing Update
0,0:0,0
0,1:-1,9999
0,2:-1,9999
1,0:-1,9999
1,1:1,0
1,2:-1,9999
2,0:-1,9999
2,1:-1,9999
2,2:2,0
Routing Complete


08:38:22.426430
Routing Update
0,0:0,0
0,1:-1,9999
0,2:-1,9999
1,0:-1,9999
1,1:1,0
1,2:-1,9999
2,0:-1,9999
2,1:-1,9999
2,2:2,0
Routing Complete


08:38:28.426303
Routing Update
0,0:0,0
0,1:-1,9999
0,2:-1,9999
1,0:-1,9999
1,1:1,0
1,2:-1,9999
2,0:-1,9999
2,1:-1,9999
2,2:2,0
Routing Complete


08:38:28.426850
Routing Update
0,0:0,0
0,1:-1,9999
0,2:-1,9999
1,0:-1,9999
1,1:1,0
1,2:-1,9999
2,0:-1,9999
2,1:-1,9999
2,2:2,0
Routing Complete


08:38:28.427250
Routing Update
0,0:0,0
0,1:-1,9999
0,2:-1,9999
1,0:-1,9999
1,1:1,0
1,2:-1,9999
2,0:-1,9999
2,1:-1,9999
2,2:2,0
Routing Complete


08:38:34.428499
Routing Update
0,0:0,0
0,1:-1,9999
0,2:-1,9999
1,0:-1,9999
1,1:1,0
1,2:-1,9999
2,0:-1,9999
2,1:-1,9999
2,2:2,0
Routing Complete


08:38:34.429179
Routing Update
0,0:0,0
0,1:-1,9999
0,2:-1,9999
1,0:-1,9999
1,1:1,0
1,2:-1,9999
2,0:-1,9999
2,1:-1,9999
2,2:2,0
Routing Complete


08:38:34.429559
Routing Update
0,0:0,0
0,1:-1,9999
0,2:-1,9999
1,0:-1,9999
1,1:1,0
1,2:-1,9999
2,0:-1,9999
2,1:-1,9999
2,2:2,0
Routing Complete


08:38:40.430116
Routing Update
0,0:0,0
0,1:-1,9999
0,2:-1,9999
1,0:-1,9999
1,1:1,0
1,2:-1,9999
2,0:-1,9999
2,1:-1,9999
2,2:2,0
Routing Complete


08:38:40.431047
Routing Update
0,0:0,0
0,1:-1,9999
0,2:-1,9999
1,0:-1,9999
1,1:1,0
1,2:-1,9999
2,0:-1,9999
2,1:-1,9999
2,2:2,0
Routing Complete


08:38:40.431731
Routing Update
0,0:0,0
0,1:-1,9999
0,2:-1,9999
1,0:-1,9999
1,1:1,0
1,2:-1,9999
2,0:-1,9999
2,1:-1,9999
2,2:2,0
Routing Complete


08:38:46.431707
Routing Update
0,0:0,0
0,1:-1,9999
0,2:-1,9999
1,0:-1,9999
1,1:1,0
1,2:-1,9999
2,0:-1,9999
2,1:-1,9999
2,2:2,0
Routing Complete


08:38:46.432257
Routing Update
0,0:0,0
0,1:-1,9999
0,2:-1,9999
1,0:-1,9999
1,1:1,0
1,2:-1,9999
2,0:-1,9999
2,1:-1,9999
2,2:2,0
Routing Complete


08:38:46.432885
Routing Update
0,0:0,0
0,1:-1,9999
0,2:-1,9999
1,0:-1,9999
1,1:1,0
1,2:-1,9999
2,0:-1,9999
2,1:-1,9999
2,2:2,0
Routing Complete


08:52:35.134012
Register Request 0


08:52:39.577464
Register Request 1


08:52:42.103603
Register Request 2


08:52:42.103907
Register Response 0


08:52:42.104102
Register Response 1


08:52:42.104281
Register Response 2


08:52:42.104433
Routing Update
0,0:0,0
0,1:0,20
0,2:0,10
1,0:1,20
1,1:1,0
1,2:1,30
2,0:2,10
2,1:2,30
2,2:2,0
Routing Complete


08:52:42.106274
Routing Update
0,0:0,0
0,1:0,20
0,2:-1,9999
1,0:1,20
1,1:1,0
1,2:-1,9999
2,0:-1,9999
2,1:-1,9999
2,2:2,0
Routing Complete


08:52:42.107464
Routing Update
0,0:0,0
0,1:-1,9999
0,2:-1,9999
1,0:-1,9999
1,1:1,0
1,2:-1,9999
2,0:-1,9999
2,1:-1,9999
2,2:2,0
Routing Complete


08:52:42.108186
Routing Update
0,0:0,0
0,1:-1,9999
0,2:-1,9999
1,0:-1,9999
1,1:1,0
1,2:-1,9999
2,0:-1,9999
2,1:-1,9999
2,2:2,0
Routing Complete


08:52:54.106419
Routing Update
0,0:0,0
0,1:-1,9999
0,2:-1,9999
1,0:-1,9999
1,1:1,0
1,2:-1,9999
2,0:-1,9999
2,1:-1,9999
2,2:2,0
Routing Complete


08:52:54.106958
Routing Update
0,0:0,0
0,1:-1,9999
0,2:-1,9999
1,0:-1,9999
1,1:1,0
1,2:-1,9999
2,0:-1,9999
2,1:-1,9999
2,2:2,0
Routing Complete


08:52:54.107261
Routing Update
0,0:0,0
0,1:-1,9999
0,2:-1,9999
1,0:-1,9999
1,1:1,0
1,2:-1,9999
2,0:-1,9999
2,1:-1,9999
2,2:2,0
Routing Complete


08:53:00.108419
Routing Update
0,0:0,0
0,1:-1,9999
0,2:-1,9999
1,0:-1,9999
1,1:1,0
1,2:-1,9999
2,0:-1,9999
2,1:-1,9999
2,2:2,0
Routing Complete


08:53:00.109013
Routing Update
0,0:0,0
0,1:-1,9999
0,2:-1,9999
1,0:-1,9999
1,1:1,0
1,2:-1,9999
2,0:-1,9999
2,1:-1,9999
2,2:2,0
Routing Complete


08:53:00.109415
Routing Update
0,0:0,0
0,1:-1,9999
0,2:-1,9999
1,0:-1,9999
1,1:1,0
1,2:-1,9999
2,0:-1,9999
2,1:-1,9999
2,2:2,0
Routing Complete


08:53:06.110424
Routing Update
0,0:0,0
0,1:-1,9999
0,2:-1,9999
1,0:-1,9999
1,1:1,0
1,2:-1,9999
2,0:-1,9999
2,1:-1,9999
2,2:2,0
Routing Complete


08:53:06.110990
Routing Update
0,0:0,0
0,1:-1,9999
0,2:-1,9999
1,0:-1,9999
1,1:1,0
1,2:-1,9999
2,0:-1,9999
2,1:-1,9999
2,2:2,0
Routing Complete


08:53:06.111638
Routing Update
0,0:0,0
0,1:-1,9999
0,2:-1,9999
1,0:-1,9999
1,1:1,0
1,2:-1,9999
2,0:-1,9999
2,1:-1,9999
2,2:2,0
Routing Complete


08:53:12.112030
Routing Update
0,0:0,0
0,1:-1,9999
0,2:-1,9999
1,0:-1,9999
1,1:1,0
1,2:-1,9999
2,0:-1,9999
2,1:-1,9999
2,2:2,0
Routing Complete


08:53:12.112701
Routing Update
0,0:0,0
0,1:-1,9999
0,2:-1,9999
1,0:-1,9999
1,1:1,0
1,2:-1,9999
2,0:-1,9999
2,1:-1,9999
2,2:2,0
Routing Complete


08:53:12.113122
Routing Update
0,0:0,0
0,1:-1,9999
0,2:-1,9999
1,0:-1,9999
1,1:1,0
1,2:-1,9999
2,0:-1,9999
2,1:-1,9999
2,2:2,0
Routing Complete


08:53:18.113832
Routing Update
0,0:0,0
0,1:-1,9999
0,2:-1,9999
1,0:-1,9999
1,1:1,0
1,2:-1,9999
2,0:-1,9999
2,1:-1,9999
2,2:2,0
Routing Complete


08:53:18.114561
Routing Update
0,0:0,0
0,1:-1,9999
0,2:-1,9999
1,0:-1,9999
1,1:1,0
1,2:-1,9999
2,0:-1,9999
2,1:-1,9999
2,2:2,0
Routing Complete


08:53:18.114927
Routing Update
0,0:0,0
0,1:-1,9999
0,2:-1,9999
1,0:-1,9999
1,1:1,0
1,2:-1,9999
2,0:-1,9999
2,1:-1,9999
2,2:2,0
Routing Complete


08:53:24.115308
Routing Update
0,0:0,0
0,1:-1,9999
0,2:-1,9999
1,0:-1,9999
1,1:1,0
1,2:-1,9999
2,0:-1,9999
2,1:-1,9999
2,2:2,0
Routing Complete


08:53:24.115844
Routing Update
0,0:0,0
0,1:-1,9999
0,2:-1,9999
1,0:-1,9999
1,1:1,0
1,2:-1,9999
2,0:-1,9999
2,1:-1,9999
2,2:2,0
Routing Complete


08:53:24.116432
Routing Update
0,0:0,0
0,1:-1,9999
0,2:-1,9999
1,0:-1,9999
1,1:1,0
1,2:-1,9999
2,0:-1,9999
2,1:-1,9999
2,2:2,0
Routing Complete


08:53:30.117363
Routing Update
0,0:0,0
0,1:-1,9999
0,2:-1,9999
1,0:-1,9999
1,1:1,0
1,2:-1,9999
2,0:-1,9999
2,1:-1,9999
2,2:2,0
Routing Complete


08:53:30.118120
Routing Update
0,0:0,0
0,1:-1,9999
0,2:-1,9999
1,0:-1,9999
1,1:1,0
1,2:-1,9999
2,0:-1,9999
2,1:-1,9999
2,2:2,0
Routing Complete


08:53:30.118430
Routing Update
0,0:0,0
0,1:-1,9999
0,2:-1,9999
1,0:-1,9999
1,1:1,0
1,2:-1,9999
2,0:-1,9999
2,1:-1,9999
2,2:2,0
Routing Complete


08:53:36.119068
Routing Update
0,0:0,0
0,1:-1,9999
0,2:-1,9999
1,0:-1,9999
1,1:1,0
1,2:-1,9999
2,0:-1,9999
2,1:-1,9999
2,2:2,0
Routing Complete


08:53:36.120011
Routing Update
0,0:0,0
0,1:-1,9999
0,2:-1,9999
1,0:-1,9999
1,1:1,0
1,2:-1,9999
2,0:-1,9999
2,1:-1,9999
2,2:2,0
Routing Complete


08:53:36.120349
Routing Update
0,0:0,0
0,1:-1,9999
0,2:-1,9999
1,0:-1,9999
1,1:1,0
1,2:-1,9999
2,0:-1,9999
2,1:-1,9999
2,2:2,0
Routing Complete


08:53:42.120502
Routing Update
0,0:0,0
0,1:-1,9999
0,2:-1,9999
1,0:-1,9999
1,1:1,0
1,2:-1,9999
2,0:-1,9999
2,1:-1,9999
2,2:2,0
Routing Complete


08:53:42.120922
Routing Update
0,0:0,0
0,1:-1,9999
0,2:-1,9999
1,0:-1,9999
1,1:1,0
1,2:-1,9999
2,0:-1,9999
2,1:-1,9999
2,2:2,0
Routing Complete


08:53:42.121358
Routing Update
0,0:0,0
0,1:-1,9999
0,2:-1,9999
1,0:-1,9999
1,1:1,0
1,2:-1,9999
2,0:-1,9999
2,1:-1,9999
2,2:2,0
Routing Complete


08:53:48.121642
Routing Update
0,0:0,0
0,1:-1,9999
0,2:-1,9999
1,0:-1,9999
1,1:1,0
1,2:-1,9999
2,0:-1,9999
2,1:-1,9999
2,2:2,0
Routing Complete


08:53:48.122267
Routing Update
0,0:0,0
0,1:-1,9999
0,2:-1,9999
1,0:-1,9999
1,1:1,0
1,2:-1,9999
2,0:-1,9999
2,1:-1,9999
2,2:2,0
Routing Complete


08:53:48.122631
Routing Update
0,0:0,0
0,1:-1,9999
0,2:-1,9999
1,0:-1,9999
1,1:1,0
1,2:-1,9999
2,0:-1,9999
2,1:-1,9999
2,2:2,0
Routing Complete


08:53:54.122604
Routing Update
0,0:0,0
0,1:-1,9999
0,2:-1,9999
1,0:-1,9999
1,1:1,0
1,2:-1,9999
2,0:-1,9999
2,1:-1,9999
2,2:2,0
Routing Complete


08:53:54.123265
Routing Update
0,0:0,0
0,1:-1,9999
0,2:-1,9999
1,0:-1,9999
1,1:1,0
1,2:-1,9999
2,0:-1,9999
2,1:-1,9999
2,2:2,0
Routing Complete


08:53:54.123610
Routing Update
0,0:0,0
0,1:-1,9999
0,2:-1,9999
1,0:-1,9999
1,1:1,0
1,2:-1,9999
2,0:-1,9999
2,1:-1,9999
2,2:2,0
Routing Complete


08:54:00.124340
Routing Update
0,0:0,0
0,1:-1,9999
0,2:-1,9999
1,0:-1,9999
1,1:1,0
1,2:-1,9999
2,0:-1,9999
2,1:-1,9999
2,2:2,0
Routing Complete


08:54:00.124960
Routing Update
0,0:0,0
0,1:-1,9999
0,2:-1,9999
1,0:-1,9999
1,1:1,0
1,2:-1,9999
2,0:-1,9999
2,1:-1,9999
2,2:2,0
Routing Complete


08:54:00.125346
Routing Update
0,0:0,0
0,1:-1,9999
0,2:-1,9999
1,0:-1,9999
1,1:1,0
1,2:-1,9999
2,0:-1,9999
2,1:-1,9999
2,2:2,0
Routing Complete


08:54:06.125696
Routing Update
0,0:0,0
0,1:-1,9999
0,2:-1,9999
1,0:-1,9999
1,1:1,0
1,2:-1,9999
2,0:-1,9999
2,1:-1,9999
2,2:2,0
Routing Complete


08:54:06.126485
Routing Update
0,0:0,0
0,1:-1,9999
0,2:-1,9999
1,0:-1,9999
1,1:1,0
1,2:-1,9999
2,0:-1,9999
2,1:-1,9999
2,2:2,0
Routing Complete


08:54:06.126926
Routing Update
0,0:0,0
0,1:-1,9999
0,2:-1,9999
1,0:-1,9999
1,1:1,0
1,2:-1,9999
2,0:-1,9999
2,1:-1,9999
2,2:2,0
Routing Complete


08:54:12.127039
Routing Update
0,0:0,0
0,1:-1,9999
0,2:-1,9999
1,0:-1,9999
1,1:1,0
1,2:-1,9999
2,0:-1,9999
2,1:-1,9999
2,2:2,0
Routing Complete


08:54:12.127666
Routing Update
0,0:0,0
0,1:-1,9999
0,2:-1,9999
1,0:-1,9999
1,1:1,0
1,2:-1,9999
2,0:-1,9999
2,1:-1,9999
2,2:2,0
Routing Complete


08:54:12.128026
Routing Update
0,0:0,0
0,1:-1,9999
0,2:-1,9999
1,0:-1,9999
1,1:1,0
1,2:-1,9999
2,0:-1,9999
2,1:-1,9999
2,2:2,0
Routing Complete


08:54:18.128424
Routing Update
0,0:0,0
0,1:-1,9999
0,2:-1,9999
1,0:-1,9999
1,1:1,0
1,2:-1,9999
2,0:-1,9999
2,1:-1,9999
2,2:2,0
Routing Complete


08:54:18.129029
Routing Update
0,0:0,0
0,1:-1,9999
0,2:-1,9999
1,0:-1,9999
1,1:1,0
1,2:-1,9999
2,0:-1,9999
2,1:-1,9999
2,2:2,0
Routing Complete


08:54:18.129509
Routing Update
0,0:0,0
0,1:-1,9999
0,2:-1,9999
1,0:-1,9999
1,1:1,0
1,2:-1,9999
2,0:-1,9999
2,1:-1,9999
2,2:2,0
Routing Complete


08:54:24.129875
Routing Update
0,0:0,0
0,1:-1,9999
0,2:-1,9999
1,0:-1,9999
1,1:1,0
1,2:-1,9999
2,0:-1,9999
2,1:-1,9999
2,2:2,0
Routing Complete


08:54:24.130335
Routing Update
0,0:0,0
0,1:-1,9999
0,2:-1,9999
1,0:-1,9999
1,1:1,0
1,2:-1,9999
2,0:-1,9999
2,1:-1,9999
2,2:2,0
Routing Complete


08:54:24.130885
Routing Update
0,0:0,0
0,1:-1,9999
0,2:-1,9999
1,0:-1,9999
1,1:1,0
1,2:-1,9999
2,0:-1,9999
2,1:-1,9999
2,2:2,0
Routing Complete


08:54:30.131631
Routing Update
0,0:0,0
0,1:-1,9999
0,2:-1,9999
1,0:-1,9999
1,1:1,0
1,2:-1,9999
2,0:-1,9999
2,1:-1,9999
2,2:2,0
Routing Complete


08:54:30.132190
Routing Update
0,0:0,0
0,1:-1,9999
0,2:-1,9999
1,0:-1,9999
1,1:1,0
1,2:-1,9999
2,0:-1,9999
2,1:-1,9999
2,2:2,0
Routing Complete


08:54:30.132549
Routing Update
0,0:0,0
0,1:-1,9999
0,2:-1,9999
1,0:-1,9999
1,1:1,0
1,2:-1,9999
2,0:-1,9999
2,1:-1,9999
2,2:2,0
Routing Complete


08:54:36.210647
Routing Update
0,0:0,0
0,1:-1,9999
0,2:-1,9999
1,0:-1,9999
1,1:1,0
1,2:-1,9999
2,0:-1,9999
2,1:-1,9999
2,2:2,0
Routing Complete


08:54:36.211482
Routing Update
0,0:0,0
0,1:-1,9999
0,2:-1,9999
1,0:-1,9999
1,1:1,0
1,2:-1,9999
2,0:-1,9999
2,1:-1,9999
2,2:2,0
Routing Complete


08:54:36.212031
Routing Update
0,0:0,0
0,1:-1,9999
0,2:-1,9999
1,0:-1,9999
1,1:1,0
1,2:-1,9999
2,0:-1,9999
2,1:-1,9999
2,2:2,0
Routing Complete


08:54:42.212056
Routing Update
0,0:0,0
0,1:-1,9999
0,2:-1,9999
1,0:-1,9999
1,1:1,0
1,2:-1,9999
2,0:-1,9999
2,1:-1,9999
2,2:2,0
Routing Complete


08:54:42.212558
Routing Update
0,0:0,0
0,1:-1,9999
0,2:-1,9999
1,0:-1,9999
1,1:1,0
1,2:-1,9999
2,0:-1,9999
2,1:-1,9999
2,2:2,0
Routing Complete


08:54:42.213120
Routing Update
0,0:0,0
0,1:-1,9999
0,2:-1,9999
1,0:-1,9999
1,1:1,0
1,2:-1,9999
2,0:-1,9999
2,1:-1,9999
2,2:2,0
Routing Complete


08:54:48.213316
Routing Update
0,0:0,0
0,1:-1,9999
0,2:-1,9999
1,0:-1,9999
1,1:1,0
1,2:-1,9999
2,0:-1,9999
2,1:-1,9999
2,2:2,0
Routing Complete


08:54:48.214457
Routing Update
0,0:0,0
0,1:-1,9999
0,2:-1,9999
1,0:-1,9999
1,1:1,0
1,2:-1,9999
2,0:-1,9999
2,1:-1,9999
2,2:2,0
Routing Complete


08:54:48.214834
Routing Update
0,0:0,0
0,1:-1,9999
0,2:-1,9999
1,0:-1,9999
1,1:1,0
1,2:-1,9999
2,0:-1,9999
2,1:-1,9999
2,2:2,0
Routing Complete


08:54:54.215459
Routing Update
0,0:0,0
0,1:-1,9999
0,2:-1,9999
1,0:-1,9999
1,1:1,0
1,2:-1,9999
2,0:-1,9999
2,1:-1,9999
2,2:2,0
Routing Complete


08:54:54.216203
Routing Update
0,0:0,0
0,1:-1,9999
0,2:-1,9999
1,0:-1,9999
1,1:1,0
1,2:-1,9999
2,0:-1,9999
2,1:-1,9999
2,2:2,0
Routing Complete


08:54:54.216565
Routing Update
0,0:0,0
0,1:-1,9999
0,2:-1,9999
1,0:-1,9999
1,1:1,0
1,2:-1,9999
2,0:-1,9999
2,1:-1,9999
2,2:2,0
Routing Complete


08:55:00.217160
Routing Update
0,0:0,0
0,1:-1,9999
0,2:-1,9999
1,0:-1,9999
1,1:1,0
1,2:-1,9999
2,0:-1,9999
2,1:-1,9999
2,2:2,0
Routing Complete


08:55:00.217937
Routing Update
0,0:0,0
0,1:-1,9999
0,2:-1,9999
1,0:-1,9999
1,1:1,0
1,2:-1,9999
2,0:-1,9999
2,1:-1,9999
2,2:2,0
Routing Complete


08:55:00.218306
Routing Update
0,0:0,0
0,1:-1,9999
0,2:-1,9999
1,0:-1,9999
1,1:1,0
1,2:-1,9999
2,0:-1,9999
2,1:-1,9999
2,2:2,0
Routing Complete


08:55:06.218450
Routing Update
0,0:0,0
0,1:-1,9999
0,2:-1,9999
1,0:-1,9999
1,1:1,0
1,2:-1,9999
2,0:-1,9999
2,1:-1,9999
2,2:2,0
Routing Complete


08:55:06.219043
Routing Update
0,0:0,0
0,1:-1,9999
0,2:-1,9999
1,0:-1,9999
1,1:1,0
1,2:-1,9999
2,0:-1,9999
2,1:-1,9999
2,2:2,0
Routing Complete


08:55:06.219392
Routing Update
0,0:0,0
0,1:-1,9999
0,2:-1,9999
1,0:-1,9999
1,1:1,0
1,2:-1,9999
2,0:-1,9999
2,1:-1,9999
2,2:2,0
Routing Complete


08:55:12.220246
Routing Update
0,0:0,0
0,1:-1,9999
0,2:-1,9999
1,0:-1,9999
1,1:1,0
1,2:-1,9999
2,0:-1,9999
2,1:-1,9999
2,2:2,0
Routing Complete


08:55:12.220859
Routing Update
0,0:0,0
0,1:-1,9999
0,2:-1,9999
1,0:-1,9999
1,1:1,0
1,2:-1,9999
2,0:-1,9999
2,1:-1,9999
2,2:2,0
Routing Complete


08:55:12.221345
Routing Update
0,0:0,0
0,1:-1,9999
0,2:-1,9999
1,0:-1,9999
1,1:1,0
1,2:-1,9999
2,0:-1,9999
2,1:-1,9999
2,2:2,0
Routing Complete


08:55:18.221461
Routing Update
0,0:0,0
0,1:-1,9999
0,2:-1,9999
1,0:-1,9999
1,1:1,0
1,2:-1,9999
2,0:-1,9999
2,1:-1,9999
2,2:2,0
Routing Complete


08:55:18.222340
Routing Update
0,0:0,0
0,1:-1,9999
0,2:-1,9999
1,0:-1,9999
1,1:1,0
1,2:-1,9999
2,0:-1,9999
2,1:-1,9999
2,2:2,0
Routing Complete


08:55:18.222905
Routing Update
0,0:0,0
0,1:-1,9999
0,2:-1,9999
1,0:-1,9999
1,1:1,0
1,2:-1,9999
2,0:-1,9999
2,1:-1,9999
2,2:2,0
Routing Complete


08:55:24.223395
Routing Update
0,0:0,0
0,1:-1,9999
0,2:-1,9999
1,0:-1,9999
1,1:1,0
1,2:-1,9999
2,0:-1,9999
2,1:-1,9999
2,2:2,0
Routing Complete


08:55:24.223995
Routing Update
0,0:0,0
0,1:-1,9999
0,2:-1,9999
1,0:-1,9999
1,1:1,0
1,2:-1,9999
2,0:-1,9999
2,1:-1,9999
2,2:2,0
Routing Complete


08:55:24.224386
Routing Update
0,0:0,0
0,1:-1,9999
0,2:-1,9999
1,0:-1,9999
1,1:1,0
1,2:-1,9999
2,0:-1,9999
2,1:-1,9999
2,2:2,0
Routing Complete


08:55:30.225598
Routing Update
0,0:0,0
0,1:-1,9999
0,2:-1,9999
1,0:-1,9999
1,1:1,0
1,2:-1,9999
2,0:-1,9999
2,1:-1,9999
2,2:2,0
Routing Complete


08:55:30.226068
Routing Update
0,0:0,0
0,1:-1,9999
0,2:-1,9999
1,0:-1,9999
1,1:1,0
1,2:-1,9999
2,0:-1,9999
2,1:-1,9999
2,2:2,0
Routing Complete


08:55:30.226708
Routing Update
0,0:0,0
0,1:-1,9999
0,2:-1,9999
1,0:-1,9999
1,1:1,0
1,2:-1,9999
2,0:-1,9999
2,1:-1,9999
2,2:2,0
Routing Complete


08:55:36.226884
Routing Update
0,0:0,0
0,1:-1,9999
0,2:-1,9999
1,0:-1,9999
1,1:1,0
1,2:-1,9999
2,0:-1,9999
2,1:-1,9999
2,2:2,0
Routing Complete


08:55:36.227488
Routing Update
0,0:0,0
0,1:-1,9999
0,2:-1,9999
1,0:-1,9999
1,1:1,0
1,2:-1,9999
2,0:-1,9999
2,1:-1,9999
2,2:2,0
Routing Complete


08:55:36.227978
Routing Update
0,0:0,0
0,1:-1,9999
0,2:-1,9999
1,0:-1,9999
1,1:1,0
1,2:-1,9999
2,0:-1,9999
2,1:-1,9999
2,2:2,0
Routing Complete


08:55:42.227506
Routing Update
0,0:0,0
0,1:-1,9999
0,2:-1,9999
1,0:-1,9999
1,1:1,0
1,2:-1,9999
2,0:-1,9999
2,1:-1,9999
2,2:2,0
Routing Complete


08:55:42.228234
Routing Update
0,0:0,0
0,1:-1,9999
0,2:-1,9999
1,0:-1,9999
1,1:1,0
1,2:-1,9999
2,0:-1,9999
2,1:-1,9999
2,2:2,0
Routing Complete


08:55:42.228639
Routing Update
0,0:0,0
0,1:-1,9999
0,2:-1,9999
1,0:-1,9999
1,1:1,0
1,2:-1,9999
2,0:-1,9999
2,1:-1,9999
2,2:2,0
Routing Complete


08:55:48.229037
Routing Update
0,0:0,0
0,1:-1,9999
0,2:-1,9999
1,0:-1,9999
1,1:1,0
1,2:-1,9999
2,0:-1,9999
2,1:-1,9999
2,2:2,0
Routing Complete


08:55:48.229630
Routing Update
0,0:0,0
0,1:-1,9999
0,2:-1,9999
1,0:-1,9999
1,1:1,0
1,2:-1,9999
2,0:-1,9999
2,1:-1,9999
2,2:2,0
Routing Complete


08:55:48.229994
Routing Update
0,0:0,0
0,1:-1,9999
0,2:-1,9999
1,0:-1,9999
1,1:1,0
1,2:-1,9999
2,0:-1,9999
2,1:-1,9999
2,2:2,0
Routing Complete


08:55:54.231110
Routing Update
0,0:0,0
0,1:-1,9999
0,2:-1,9999
1,0:-1,9999
1,1:1,0
1,2:-1,9999
2,0:-1,9999
2,1:-1,9999
2,2:2,0
Routing Complete


08:55:54.231808
Routing Update
0,0:0,0
0,1:-1,9999
0,2:-1,9999
1,0:-1,9999
1,1:1,0
1,2:-1,9999
2,0:-1,9999
2,1:-1,9999
2,2:2,0
Routing Complete


08:55:54.232472
Routing Update
0,0:0,0
0,1:-1,9999
0,2:-1,9999
1,0:-1,9999
1,1:1,0
1,2:-1,9999
2,0:-1,9999
2,1:-1,9999
2,2:2,0
Routing Complete


08:56:00.232405
Routing Update
0,0:0,0
0,1:-1,9999
0,2:-1,9999
1,0:-1,9999
1,1:1,0
1,2:-1,9999
2,0:-1,9999
2,1:-1,9999
2,2:2,0
Routing Complete


08:56:00.233083
Routing Update
0,0:0,0
0,1:-1,9999
0,2:-1,9999
1,0:-1,9999
1,1:1,0
1,2:-1,9999
2,0:-1,9999
2,1:-1,9999
2,2:2,0
Routing Complete


08:56:00.233970
Routing Update
0,0:0,0
0,1:-1,9999
0,2:-1,9999
1,0:-1,9999
1,1:1,0
1,2:-1,9999
2,0:-1,9999
2,1:-1,9999
2,2:2,0
Routing Complete


08:56:06.233723
Routing Update
0,0:0,0
0,1:-1,9999
0,2:-1,9999
1,0:-1,9999
1,1:1,0
1,2:-1,9999
2,0:-1,9999
2,1:-1,9999
2,2:2,0
Routing Complete


08:56:06.234640
Routing Update
0,0:0,0
0,1:-1,9999
0,2:-1,9999
1,0:-1,9999
1,1:1,0
1,2:-1,9999
2,0:-1,9999
2,1:-1,9999
2,2:2,0
Routing Complete


08:56:06.235081
Routing Update
0,0:0,0
0,1:-1,9999
0,2:-1,9999
1,0:-1,9999
1,1:1,0
1,2:-1,9999
2,0:-1,9999
2,1:-1,9999
2,2:2,0
Routing Complete


08:56:12.235013
Routing Update
0,0:0,0
0,1:-1,9999
0,2:-1,9999
1,0:-1,9999
1,1:1,0
1,2:-1,9999
2,0:-1,9999
2,1:-1,9999
2,2:2,0
Routing Complete


08:56:12.235434
Routing Update
0,0:0,0
0,1:-1,9999
0,2:-1,9999
1,0:-1,9999
1,1:1,0
1,2:-1,9999
2,0:-1,9999
2,1:-1,9999
2,2:2,0
Routing Complete


08:56:12.235860
Routing Update
0,0:0,0
0,1:-1,9999
0,2:-1,9999
1,0:-1,9999
1,1:1,0
1,2:-1,9999
2,0:-1,9999
2,1:-1,9999
2,2:2,0
Routing Complete


08:56:18.235869
Routing Update
0,0:0,0
0,1:-1,9999
0,2:-1,9999
1,0:-1,9999
1,1:1,0
1,2:-1,9999
2,0:-1,9999
2,1:-1,9999
2,2:2,0
Routing Complete


08:56:18.236391
Routing Update
0,0:0,0
0,1:-1,9999
0,2:-1,9999
1,0:-1,9999
1,1:1,0
1,2:-1,9999
2,0:-1,9999
2,1:-1,9999
2,2:2,0
Routing Complete


08:56:18.236735
Routing Update
0,0:0,0
0,1:-1,9999
0,2:-1,9999
1,0:-1,9999
1,1:1,0
1,2:-1,9999
2,0:-1,9999
2,1:-1,9999
2,2:2,0
Routing Complete


08:56:24.237288
Routing Update
0,0:0,0
0,1:-1,9999
0,2:-1,9999
1,0:-1,9999
1,1:1,0
1,2:-1,9999
2,0:-1,9999
2,1:-1,9999
2,2:2,0
Routing Complete


08:56:24.237762
Routing Update
0,0:0,0
0,1:-1,9999
0,2:-1,9999
1,0:-1,9999
1,1:1,0
1,2:-1,9999
2,0:-1,9999
2,1:-1,9999
2,2:2,0
Routing Complete


08:56:24.238172
Routing Update
0,0:0,0
0,1:-1,9999
0,2:-1,9999
1,0:-1,9999
1,1:1,0
1,2:-1,9999
2,0:-1,9999
2,1:-1,9999
2,2:2,0
Routing Complete


08:56:30.238420
Routing Update
0,0:0,0
0,1:-1,9999
0,2:-1,9999
1,0:-1,9999
1,1:1,0
1,2:-1,9999
2,0:-1,9999
2,1:-1,9999
2,2:2,0
Routing Complete


08:56:30.238894
Routing Update
0,0:0,0
0,1:-1,9999
0,2:-1,9999
1,0:-1,9999
1,1:1,0
1,2:-1,9999
2,0:-1,9999
2,1:-1,9999
2,2:2,0
Routing Complete


08:56:30.239278
Routing Update
0,0:0,0
0,1:-1,9999
0,2:-1,9999
1,0:-1,9999
1,1:1,0
1,2:-1,9999
2,0:-1,9999
2,1:-1,9999
2,2:2,0
Routing Complete


08:56:36.239844
Routing Update
0,0:0,0
0,1:-1,9999
0,2:-1,9999
1,0:-1,9999
1,1:1,0
1,2:-1,9999
2,0:-1,9999
2,1:-1,9999
2,2:2,0
Routing Complete


08:56:36.241009
Routing Update
0,0:0,0
0,1:-1,9999
0,2:-1,9999
1,0:-1,9999
1,1:1,0
1,2:-1,9999
2,0:-1,9999
2,1:-1,9999
2,2:2,0
Routing Complete


08:56:36.241644
Routing Update
0,0:0,0
0,1:-1,9999
0,2:-1,9999
1,0:-1,9999
1,1:1,0
1,2:-1,9999
2,0:-1,9999
2,1:-1,9999
2,2:2,0
Routing Complete


08:56:42.241037
Routing Update
0,0:0,0
0,1:-1,9999
0,2:-1,9999
1,0:-1,9999
1,1:1,0
1,2:-1,9999
2,0:-1,9999
2,1:-1,9999
2,2:2,0
Routing Complete


08:56:42.241648
Routing Update
0,0:0,0
0,1:-1,9999
0,2:-1,9999
1,0:-1,9999
1,1:1,0
1,2:-1,9999
2,0:-1,9999
2,1:-1,9999
2,2:2,0
Routing Complete


08:56:42.242390
Routing Update
0,0:0,0
0,1:-1,9999
0,2:-1,9999
1,0:-1,9999
1,1:1,0
1,2:-1,9999
2,0:-1,9999
2,1:-1,9999
2,2:2,0
Routing Complete


08:56:48.241815
Routing Update
0,0:0,0
0,1:-1,9999
0,2:-1,9999
1,0:-1,9999
1,1:1,0
1,2:-1,9999
2,0:-1,9999
2,1:-1,9999
2,2:2,0
Routing Complete


08:56:48.242427
Routing Update
0,0:0,0
0,1:-1,9999
0,2:-1,9999
1,0:-1,9999
1,1:1,0
1,2:-1,9999
2,0:-1,9999
2,1:-1,9999
2,2:2,0
Routing Complete


08:56:48.242859
Routing Update
0,0:0,0
0,1:-1,9999
0,2:-1,9999
1,0:-1,9999
1,1:1,0
1,2:-1,9999
2,0:-1,9999
2,1:-1,9999
2,2:2,0
Routing Complete


08:56:54.243308
Routing Update
0,0:0,0
0,1:-1,9999
0,2:-1,9999
1,0:-1,9999
1,1:1,0
1,2:-1,9999
2,0:-1,9999
2,1:-1,9999
2,2:2,0
Routing Complete


08:56:54.243933
Routing Update
0,0:0,0
0,1:-1,9999
0,2:-1,9999
1,0:-1,9999
1,1:1,0
1,2:-1,9999
2,0:-1,9999
2,1:-1,9999
2,2:2,0
Routing Complete


08:56:54.244306
Routing Update
0,0:0,0
0,1:-1,9999
0,2:-1,9999
1,0:-1,9999
1,1:1,0
1,2:-1,9999
2,0:-1,9999
2,1:-1,9999
2,2:2,0
Routing Complete


08:57:00.244736
Routing Update
0,0:0,0
0,1:-1,9999
0,2:-1,9999
1,0:-1,9999
1,1:1,0
1,2:-1,9999
2,0:-1,9999
2,1:-1,9999
2,2:2,0
Routing Complete


08:57:00.245374
Routing Update
0,0:0,0
0,1:-1,9999
0,2:-1,9999
1,0:-1,9999
1,1:1,0
1,2:-1,9999
2,0:-1,9999
2,1:-1,9999
2,2:2,0
Routing Complete


08:57:00.245925
Routing Update
0,0:0,0
0,1:-1,9999
0,2:-1,9999
1,0:-1,9999
1,1:1,0
1,2:-1,9999
2,0:-1,9999
2,1:-1,9999
2,2:2,0
Routing Complete


08:57:06.246807
Routing Update
0,0:0,0
0,1:-1,9999
0,2:-1,9999
1,0:-1,9999
1,1:1,0
1,2:-1,9999
2,0:-1,9999
2,1:-1,9999
2,2:2,0
Routing Complete


08:57:06.247513
Routing Update
0,0:0,0
0,1:-1,9999
0,2:-1,9999
1,0:-1,9999
1,1:1,0
1,2:-1,9999
2,0:-1,9999
2,1:-1,9999
2,2:2,0
Routing Complete


08:57:06.247898
Routing Update
0,0:0,0
0,1:-1,9999
0,2:-1,9999
1,0:-1,9999
1,1:1,0
1,2:-1,9999
2,0:-1,9999
2,1:-1,9999
2,2:2,0
Routing Complete


08:57:12.248541
Routing Update
0,0:0,0
0,1:-1,9999
0,2:-1,9999
1,0:-1,9999
1,1:1,0
1,2:-1,9999
2,0:-1,9999
2,1:-1,9999
2,2:2,0
Routing Complete


08:57:12.249338
Routing Update
0,0:0,0
0,1:-1,9999
0,2:-1,9999
1,0:-1,9999
1,1:1,0
1,2:-1,9999
2,0:-1,9999
2,1:-1,9999
2,2:2,0
Routing Complete


08:57:12.249933
Routing Update
0,0:0,0
0,1:-1,9999
0,2:-1,9999
1,0:-1,9999
1,1:1,0
1,2:-1,9999
2,0:-1,9999
2,1:-1,9999
2,2:2,0
Routing Complete


08:57:18.249824
Routing Update
0,0:0,0
0,1:-1,9999
0,2:-1,9999
1,0:-1,9999
1,1:1,0
1,2:-1,9999
2,0:-1,9999
2,1:-1,9999
2,2:2,0
Routing Complete


08:57:18.250533
Routing Update
0,0:0,0
0,1:-1,9999
0,2:-1,9999
1,0:-1,9999
1,1:1,0
1,2:-1,9999
2,0:-1,9999
2,1:-1,9999
2,2:2,0
Routing Complete


08:57:18.250989
Routing Update
0,0:0,0
0,1:-1,9999
0,2:-1,9999
1,0:-1,9999
1,1:1,0
1,2:-1,9999
2,0:-1,9999
2,1:-1,9999
2,2:2,0
Routing Complete


08:57:24.250896
Routing Update
0,0:0,0
0,1:-1,9999
0,2:-1,9999
1,0:-1,9999
1,1:1,0
1,2:-1,9999
2,0:-1,9999
2,1:-1,9999
2,2:2,0
Routing Complete


08:57:24.251342
Routing Update
0,0:0,0
0,1:-1,9999
0,2:-1,9999
1,0:-1,9999
1,1:1,0
1,2:-1,9999
2,0:-1,9999
2,1:-1,9999
2,2:2,0
Routing Complete


08:57:24.251802
Routing Update
0,0:0,0
0,1:-1,9999
0,2:-1,9999
1,0:-1,9999
1,1:1,0
1,2:-1,9999
2,0:-1,9999
2,1:-1,9999
2,2:2,0
Routing Complete


08:57:30.251767
Routing Update
0,0:0,0
0,1:-1,9999
0,2:-1,9999
1,0:-1,9999
1,1:1,0
1,2:-1,9999
2,0:-1,9999
2,1:-1,9999
2,2:2,0
Routing Complete


08:57:30.252469
Routing Update
0,0:0,0
0,1:-1,9999
0,2:-1,9999
1,0:-1,9999
1,1:1,0
1,2:-1,9999
2,0:-1,9999
2,1:-1,9999
2,2:2,0
Routing Complete


08:57:30.253062
Routing Update
0,0:0,0
0,1:-1,9999
0,2:-1,9999
1,0:-1,9999
1,1:1,0
1,2:-1,9999
2,0:-1,9999
2,1:-1,9999
2,2:2,0
Routing Complete


08:57:36.253445
Routing Update
0,0:0,0
0,1:-1,9999
0,2:-1,9999
1,0:-1,9999
1,1:1,0
1,2:-1,9999
2,0:-1,9999
2,1:-1,9999
2,2:2,0
Routing Complete


08:57:36.254197
Routing Update
0,0:0,0
0,1:-1,9999
0,2:-1,9999
1,0:-1,9999
1,1:1,0
1,2:-1,9999
2,0:-1,9999
2,1:-1,9999
2,2:2,0
Routing Complete


08:57:36.254578
Routing Update
0,0:0,0
0,1:-1,9999
0,2:-1,9999
1,0:-1,9999
1,1:1,0
1,2:-1,9999
2,0:-1,9999
2,1:-1,9999
2,2:2,0
Routing Complete


08:57:42.254815
Routing Update
0,0:0,0
0,1:-1,9999
0,2:-1,9999
1,0:-1,9999
1,1:1,0
1,2:-1,9999
2,0:-1,9999
2,1:-1,9999
2,2:2,0
Routing Complete


08:57:42.255384
Routing Update
0,0:0,0
0,1:-1,9999
0,2:-1,9999
1,0:-1,9999
1,1:1,0
1,2:-1,9999
2,0:-1,9999
2,1:-1,9999
2,2:2,0
Routing Complete


08:57:42.255811
Routing Update
0,0:0,0
0,1:-1,9999
0,2:-1,9999
1,0:-1,9999
1,1:1,0
1,2:-1,9999
2,0:-1,9999
2,1:-1,9999
2,2:2,0
Routing Complete


08:57:48.257150
Routing Update
0,0:0,0
0,1:-1,9999
0,2:-1,9999
1,0:-1,9999
1,1:1,0
1,2:-1,9999
2,0:-1,9999
2,1:-1,9999
2,2:2,0
Routing Complete


08:57:48.257869
Routing Update
0,0:0,0
0,1:-1,9999
0,2:-1,9999
1,0:-1,9999
1,1:1,0
1,2:-1,9999
2,0:-1,9999
2,1:-1,9999
2,2:2,0
Routing Complete


08:57:48.258432
Routing Update
0,0:0,0
0,1:-1,9999
0,2:-1,9999
1,0:-1,9999
1,1:1,0
1,2:-1,9999
2,0:-1,9999
2,1:-1,9999
2,2:2,0
Routing Complete


08:57:54.258860
Routing Update
0,0:0,0
0,1:-1,9999
0,2:-1,9999
1,0:-1,9999
1,1:1,0
1,2:-1,9999
2,0:-1,9999
2,1:-1,9999
2,2:2,0
Routing Complete


08:57:54.259446
Routing Update
0,0:0,0
0,1:-1,9999
0,2:-1,9999
1,0:-1,9999
1,1:1,0
1,2:-1,9999
2,0:-1,9999
2,1:-1,9999
2,2:2,0
Routing Complete


08:57:54.260052
Routing Update
0,0:0,0
0,1:-1,9999
0,2:-1,9999
1,0:-1,9999
1,1:1,0
1,2:-1,9999
2,0:-1,9999
2,1:-1,9999
2,2:2,0
Routing Complete


08:58:00.260130
Routing Update
0,0:0,0
0,1:-1,9999
0,2:-1,9999
1,0:-1,9999
1,1:1,0
1,2:-1,9999
2,0:-1,9999
2,1:-1,9999
2,2:2,0
Routing Complete


08:58:00.260750
Routing Update
0,0:0,0
0,1:-1,9999
0,2:-1,9999
1,0:-1,9999
1,1:1,0
1,2:-1,9999
2,0:-1,9999
2,1:-1,9999
2,2:2,0
Routing Complete


08:58:00.261117
Routing Update
0,0:0,0
0,1:-1,9999
0,2:-1,9999
1,0:-1,9999
1,1:1,0
1,2:-1,9999
2,0:-1,9999
2,1:-1,9999
2,2:2,0
Routing Complete


08:58:06.261622
Routing Update
0,0:0,0
0,1:-1,9999
0,2:-1,9999
1,0:-1,9999
1,1:1,0
1,2:-1,9999
2,0:-1,9999
2,1:-1,9999
2,2:2,0
Routing Complete


08:58:06.262091
Routing Update
0,0:0,0
0,1:-1,9999
0,2:-1,9999
1,0:-1,9999
1,1:1,0
1,2:-1,9999
2,0:-1,9999
2,1:-1,9999
2,2:2,0
Routing Complete


08:58:06.262702
Routing Update
0,0:0,0
0,1:-1,9999
0,2:-1,9999
1,0:-1,9999
1,1:1,0
1,2:-1,9999
2,0:-1,9999
2,1:-1,9999
2,2:2,0
Routing Complete


08:58:12.263796
Routing Update
0,0:0,0
0,1:-1,9999
0,2:-1,9999
1,0:-1,9999
1,1:1,0
1,2:-1,9999
2,0:-1,9999
2,1:-1,9999
2,2:2,0
Routing Complete


08:58:12.264244
Routing Update
0,0:0,0
0,1:-1,9999
0,2:-1,9999
1,0:-1,9999
1,1:1,0
1,2:-1,9999
2,0:-1,9999
2,1:-1,9999
2,2:2,0
Routing Complete


08:58:12.264666
Routing Update
0,0:0,0
0,1:-1,9999
0,2:-1,9999
1,0:-1,9999
1,1:1,0
1,2:-1,9999
2,0:-1,9999
2,1:-1,9999
2,2:2,0
Routing Complete


08:58:18.265399
Routing Update
0,0:0,0
0,1:-1,9999
0,2:-1,9999
1,0:-1,9999
1,1:1,0
1,2:-1,9999
2,0:-1,9999
2,1:-1,9999
2,2:2,0
Routing Complete


08:58:18.266137
Routing Update
0,0:0,0
0,1:-1,9999
0,2:-1,9999
1,0:-1,9999
1,1:1,0
1,2:-1,9999
2,0:-1,9999
2,1:-1,9999
2,2:2,0
Routing Complete


08:58:18.266594
Routing Update
0,0:0,0
0,1:-1,9999
0,2:-1,9999
1,0:-1,9999
1,1:1,0
1,2:-1,9999
2,0:-1,9999
2,1:-1,9999
2,2:2,0
Routing Complete


08:58:24.267687
Routing Update
0,0:0,0
0,1:-1,9999
0,2:-1,9999
1,0:-1,9999
1,1:1,0
1,2:-1,9999
2,0:-1,9999
2,1:-1,9999
2,2:2,0
Routing Complete


08:58:24.268208
Routing Update
0,0:0,0
0,1:-1,9999
0,2:-1,9999
1,0:-1,9999
1,1:1,0
1,2:-1,9999
2,0:-1,9999
2,1:-1,9999
2,2:2,0
Routing Complete


08:58:24.268603
Routing Update
0,0:0,0
0,1:-1,9999
0,2:-1,9999
1,0:-1,9999
1,1:1,0
1,2:-1,9999
2,0:-1,9999
2,1:-1,9999
2,2:2,0
Routing Complete


08:58:30.269566
Routing Update
0,0:0,0
0,1:-1,9999
0,2:-1,9999
1,0:-1,9999
1,1:1,0
1,2:-1,9999
2,0:-1,9999
2,1:-1,9999
2,2:2,0
Routing Complete


08:58:30.270267
Routing Update
0,0:0,0
0,1:-1,9999
0,2:-1,9999
1,0:-1,9999
1,1:1,0
1,2:-1,9999
2,0:-1,9999
2,1:-1,9999
2,2:2,0
Routing Complete


08:58:30.270698
Routing Update
0,0:0,0
0,1:-1,9999
0,2:-1,9999
1,0:-1,9999
1,1:1,0
1,2:-1,9999
2,0:-1,9999
2,1:-1,9999
2,2:2,0
Routing Complete


08:58:36.271292
Routing Update
0,0:0,0
0,1:-1,9999
0,2:-1,9999
1,0:-1,9999
1,1:1,0
1,2:-1,9999
2,0:-1,9999
2,1:-1,9999
2,2:2,0
Routing Complete


08:58:36.271870
Routing Update
0,0:0,0
0,1:-1,9999
0,2:-1,9999
1,0:-1,9999
1,1:1,0
1,2:-1,9999
2,0:-1,9999
2,1:-1,9999
2,2:2,0
Routing Complete


08:58:36.272240
Routing Update
0,0:0,0
0,1:-1,9999
0,2:-1,9999
1,0:-1,9999
1,1:1,0
1,2:-1,9999
2,0:-1,9999
2,1:-1,9999
2,2:2,0
Routing Complete


08:58:42.272541
Routing Update
0,0:0,0
0,1:-1,9999
0,2:-1,9999
1,0:-1,9999
1,1:1,0
1,2:-1,9999
2,0:-1,9999
2,1:-1,9999
2,2:2,0
Routing Complete


08:58:42.273206
Routing Update
0,0:0,0
0,1:-1,9999
0,2:-1,9999
1,0:-1,9999
1,1:1,0
1,2:-1,9999
2,0:-1,9999
2,1:-1,9999
2,2:2,0
Routing Complete


08:58:42.273731
Routing Update
0,0:0,0
0,1:-1,9999
0,2:-1,9999
1,0:-1,9999
1,1:1,0
1,2:-1,9999
2,0:-1,9999
2,1:-1,9999
2,2:2,0
Routing Complete


08:58:48.274316
Routing Update
0,0:0,0
0,1:-1,9999
0,2:-1,9999
1,0:-1,9999
1,1:1,0
1,2:-1,9999
2,0:-1,9999
2,1:-1,9999
2,2:2,0
Routing Complete


08:58:48.274986
Routing Update
0,0:0,0
0,1:-1,9999
0,2:-1,9999
1,0:-1,9999
1,1:1,0
1,2:-1,9999
2,0:-1,9999
2,1:-1,9999
2,2:2,0
Routing Complete


08:58:48.275402
Routing Update
0,0:0,0
0,1:-1,9999
0,2:-1,9999
1,0:-1,9999
1,1:1,0
1,2:-1,9999
2,0:-1,9999
2,1:-1,9999
2,2:2,0
Routing Complete


08:58:54.276221
Routing Update
0,0:0,0
0,1:-1,9999
0,2:-1,9999
1,0:-1,9999
1,1:1,0
1,2:-1,9999
2,0:-1,9999
2,1:-1,9999
2,2:2,0
Routing Complete


08:58:54.276859
Routing Update
0,0:0,0
0,1:-1,9999
0,2:-1,9999
1,0:-1,9999
1,1:1,0
1,2:-1,9999
2,0:-1,9999
2,1:-1,9999
2,2:2,0
Routing Complete


08:58:54.277362
Routing Update
0,0:0,0
0,1:-1,9999
0,2:-1,9999
1,0:-1,9999
1,1:1,0
1,2:-1,9999
2,0:-1,9999
2,1:-1,9999
2,2:2,0
Routing Complete


08:59:00.278671
Routing Update
0,0:0,0
0,1:-1,9999
0,2:-1,9999
1,0:-1,9999
1,1:1,0
1,2:-1,9999
2,0:-1,9999
2,1:-1,9999
2,2:2,0
Routing Complete


08:59:00.279342
Routing Update
0,0:0,0
0,1:-1,9999
0,2:-1,9999
1,0:-1,9999
1,1:1,0
1,2:-1,9999
2,0:-1,9999
2,1:-1,9999
2,2:2,0
Routing Complete


08:59:00.279741
Routing Update
0,0:0,0
0,1:-1,9999
0,2:-1,9999
1,0:-1,9999
1,1:1,0
1,2:-1,9999
2,0:-1,9999
2,1:-1,9999
2,2:2,0
Routing Complete


08:59:06.280322
Routing Update
0,0:0,0
0,1:-1,9999
0,2:-1,9999
1,0:-1,9999
1,1:1,0
1,2:-1,9999
2,0:-1,9999
2,1:-1,9999
2,2:2,0
Routing Complete


08:59:06.280842
Routing Update
0,0:0,0
0,1:-1,9999
0,2:-1,9999
1,0:-1,9999
1,1:1,0
1,2:-1,9999
2,0:-1,9999
2,1:-1,9999
2,2:2,0
Routing Complete


08:59:06.281346
Routing Update
0,0:0,0
0,1:-1,9999
0,2:-1,9999
1,0:-1,9999
1,1:1,0
1,2:-1,9999
2,0:-1,9999
2,1:-1,9999
2,2:2,0
Routing Complete


08:59:12.282245
Routing Update
0,0:0,0
0,1:-1,9999
0,2:-1,9999
1,0:-1,9999
1,1:1,0
1,2:-1,9999
2,0:-1,9999
2,1:-1,9999
2,2:2,0
Routing Complete


08:59:12.282739
Routing Update
0,0:0,0
0,1:-1,9999
0,2:-1,9999
1,0:-1,9999
1,1:1,0
1,2:-1,9999
2,0:-1,9999
2,1:-1,9999
2,2:2,0
Routing Complete


08:59:12.283112
Routing Update
0,0:0,0
0,1:-1,9999
0,2:-1,9999
1,0:-1,9999
1,1:1,0
1,2:-1,9999
2,0:-1,9999
2,1:-1,9999
2,2:2,0
Routing Complete


08:59:18.283309
Routing Update
0,0:0,0
0,1:-1,9999
0,2:-1,9999
1,0:-1,9999
1,1:1,0
1,2:-1,9999
2,0:-1,9999
2,1:-1,9999
2,2:2,0
Routing Complete


08:59:18.283841
Routing Update
0,0:0,0
0,1:-1,9999
0,2:-1,9999
1,0:-1,9999
1,1:1,0
1,2:-1,9999
2,0:-1,9999
2,1:-1,9999
2,2:2,0
Routing Complete


08:59:18.284273
Routing Update
0,0:0,0
0,1:-1,9999
0,2:-1,9999
1,0:-1,9999
1,1:1,0
1,2:-1,9999
2,0:-1,9999
2,1:-1,9999
2,2:2,0
Routing Complete


08:59:24.284910
Routing Update
0,0:0,0
0,1:-1,9999
0,2:-1,9999
1,0:-1,9999
1,1:1,0
1,2:-1,9999
2,0:-1,9999
2,1:-1,9999
2,2:2,0
Routing Complete


08:59:24.285923
Routing Update
0,0:0,0
0,1:-1,9999
0,2:-1,9999
1,0:-1,9999
1,1:1,0
1,2:-1,9999
2,0:-1,9999
2,1:-1,9999
2,2:2,0
Routing Complete


08:59:24.286299
Routing Update
0,0:0,0
0,1:-1,9999
0,2:-1,9999
1,0:-1,9999
1,1:1,0
1,2:-1,9999
2,0:-1,9999
2,1:-1,9999
2,2:2,0
Routing Complete


08:59:30.285875
Routing Update
0,0:0,0
0,1:-1,9999
0,2:-1,9999
1,0:-1,9999
1,1:1,0
1,2:-1,9999
2,0:-1,9999
2,1:-1,9999
2,2:2,0
Routing Complete


08:59:30.286426
Routing Update
0,0:0,0
0,1:-1,9999
0,2:-1,9999
1,0:-1,9999
1,1:1,0
1,2:-1,9999
2,0:-1,9999
2,1:-1,9999
2,2:2,0
Routing Complete


08:59:30.287012
Routing Update
0,0:0,0
0,1:-1,9999
0,2:-1,9999
1,0:-1,9999
1,1:1,0
1,2:-1,9999
2,0:-1,9999
2,1:-1,9999
2,2:2,0
Routing Complete


08:59:36.287577
Routing Update
0,0:0,0
0,1:-1,9999
0,2:-1,9999
1,0:-1,9999
1,1:1,0
1,2:-1,9999
2,0:-1,9999
2,1:-1,9999
2,2:2,0
Routing Complete


08:59:36.288174
Routing Update
0,0:0,0
0,1:-1,9999
0,2:-1,9999
1,0:-1,9999
1,1:1,0
1,2:-1,9999
2,0:-1,9999
2,1:-1,9999
2,2:2,0
Routing Complete


08:59:36.288682
Routing Update
0,0:0,0
0,1:-1,9999
0,2:-1,9999
1,0:-1,9999
1,1:1,0
1,2:-1,9999
2,0:-1,9999
2,1:-1,9999
2,2:2,0
Routing Complete


08:59:42.288938
Routing Update
0,0:0,0
0,1:-1,9999
0,2:-1,9999
1,0:-1,9999
1,1:1,0
1,2:-1,9999
2,0:-1,9999
2,1:-1,9999
2,2:2,0
Routing Complete


08:59:42.289341
Routing Update
0,0:0,0
0,1:-1,9999
0,2:-1,9999
1,0:-1,9999
1,1:1,0
1,2:-1,9999
2,0:-1,9999
2,1:-1,9999
2,2:2,0
Routing Complete


08:59:42.289667
Routing Update
0,0:0,0
0,1:-1,9999
0,2:-1,9999
1,0:-1,9999
1,1:1,0
1,2:-1,9999
2,0:-1,9999
2,1:-1,9999
2,2:2,0
Routing Complete


08:59:46.353672
Register Request 0


08:59:49.865219
Register Request 1


08:59:52.685832
Register Request 2


08:59:52.686166
Register Response 0


08:59:52.686325
Register Response 1


08:59:52.686476
Register Response 2


08:59:58.688163
Routing Update
0,0:0,0
0,1:-1,9999
0,2:-1,9999
1,0:-1,9999
1,1:1,0
1,2:-1,9999
2,0:-1,9999
2,1:-1,9999
2,2:2,0
Routing Complete


08:59:58.688767
Routing Update
0,0:0,0
0,1:-1,9999
0,2:-1,9999
1,0:-1,9999
1,1:1,0
1,2:-1,9999
2,0:-1,9999
2,1:-1,9999
2,2:2,0
Routing Complete


08:59:58.689005
Routing Update
0,0:0,0
0,1:-1,9999
0,2:-1,9999
1,0:-1,9999
1,1:1,0
1,2:-1,9999
2,0:-1,9999
2,1:-1,9999
2,2:2,0
Routing Complete


08:59:58.689734
Routing Update
0,0:0,0
0,1:-1,9999
0,2:-1,9999
1,0:-1,9999
1,1:1,0
1,2:-1,9999
2,0:-1,9999
2,1:-1,9999
2,2:2,0
Routing Complete


08:59:58.690919
Routing Update
0,0:0,0
0,1:-1,9999
0,2:-1,9999
1,0:-1,9999
1,1:1,0
1,2:-1,9999
2,0:-1,9999
2,1:-1,9999
2,2:2,0
Routing Complete


08:59:58.691390
Routing Update
0,0:0,0
0,1:-1,9999
0,2:-1,9999
1,0:-1,9999
1,1:1,0
1,2:-1,9999
2,0:-1,9999
2,1:-1,9999
2,2:2,0
Routing Complete


09:00:04.688911
Routing Update
0,0:0,0
0,1:-1,9999
0,2:-1,9999
1,0:-1,9999
1,1:1,0
1,2:-1,9999
2,0:-1,9999
2,1:-1,9999
2,2:2,0
Routing Complete


09:00:10.690066
Routing Update
0,0:0,0
0,1:-1,9999
0,2:-1,9999
1,0:-1,9999
1,1:1,0
1,2:-1,9999
2,0:-1,9999
2,1:-1,9999
2,2:2,0
Routing Complete


09:00:10.690565
Routing Update
0,0:0,0
0,1:-1,9999
0,2:-1,9999
1,0:-1,9999
1,1:1,0
1,2:-1,9999
2,0:-1,9999
2,1:-1,9999
2,2:2,0
Routing Complete


09:00:10.690992
Routing Update
0,0:0,0
0,1:-1,9999
0,2:-1,9999
1,0:-1,9999
1,1:1,0
1,2:-1,9999
2,0:-1,9999
2,1:-1,9999
2,2:2,0
Routing Complete


09:00:16.691385
Routing Update
0,0:0,0
0,1:-1,9999
0,2:-1,9999
1,0:-1,9999
1,1:1,0
1,2:-1,9999
2,0:-1,9999
2,1:-1,9999
2,2:2,0
Routing Complete


09:00:16.691991
Routing Update
0,0:0,0
0,1:-1,9999
0,2:-1,9999
1,0:-1,9999
1,1:1,0
1,2:-1,9999
2,0:-1,9999
2,1:-1,9999
2,2:2,0
Routing Complete


09:00:16.692287
Routing Update
0,0:0,0
0,1:-1,9999
0,2:-1,9999
1,0:-1,9999
1,1:1,0
1,2:-1,9999
2,0:-1,9999
2,1:-1,9999
2,2:2,0
Routing Complete


09:00:22.693107
Routing Update
0,0:0,0
0,1:-1,9999
0,2:-1,9999
1,0:-1,9999
1,1:1,0
1,2:-1,9999
2,0:-1,9999
2,1:-1,9999
2,2:2,0
Routing Complete


09:00:22.693546
Routing Update
0,0:0,0
0,1:-1,9999
0,2:-1,9999
1,0:-1,9999
1,1:1,0
1,2:-1,9999
2,0:-1,9999
2,1:-1,9999
2,2:2,0
Routing Complete


09:00:22.693830
Routing Update
0,0:0,0
0,1:-1,9999
0,2:-1,9999
1,0:-1,9999
1,1:1,0
1,2:-1,9999
2,0:-1,9999
2,1:-1,9999
2,2:2,0
Routing Complete


09:00:28.694656
Routing Update
0,0:0,0
0,1:-1,9999
0,2:-1,9999
1,0:-1,9999
1,1:1,0
1,2:-1,9999
2,0:-1,9999
2,1:-1,9999
2,2:2,0
Routing Complete


09:00:28.695208
Routing Update
0,0:0,0
0,1:-1,9999
0,2:-1,9999
1,0:-1,9999
1,1:1,0
1,2:-1,9999
2,0:-1,9999
2,1:-1,9999
2,2:2,0
Routing Complete


09:00:28.695440
Routing Update
0,0:0,0
0,1:-1,9999
0,2:-1,9999
1,0:-1,9999
1,1:1,0
1,2:-1,9999
2,0:-1,9999
2,1:-1,9999
2,2:2,0
Routing Complete


09:00:34.696495
Routing Update
0,0:0,0
0,1:-1,9999
0,2:-1,9999
1,0:-1,9999
1,1:1,0
1,2:-1,9999
2,0:-1,9999
2,1:-1,9999
2,2:2,0
Routing Complete


09:00:34.696974
Routing Update
0,0:0,0
0,1:-1,9999
0,2:-1,9999
1,0:-1,9999
1,1:1,0
1,2:-1,9999
2,0:-1,9999
2,1:-1,9999
2,2:2,0
Routing Complete


09:00:34.697273
Routing Update
0,0:0,0
0,1:-1,9999
0,2:-1,9999
1,0:-1,9999
1,1:1,0
1,2:-1,9999
2,0:-1,9999
2,1:-1,9999
2,2:2,0
Routing Complete


09:00:40.698298
Routing Update
0,0:0,0
0,1:-1,9999
0,2:-1,9999
1,0:-1,9999
1,1:1,0
1,2:-1,9999
2,0:-1,9999
2,1:-1,9999
2,2:2,0
Routing Complete


09:00:40.698708
Routing Update
0,0:0,0
0,1:-1,9999
0,2:-1,9999
1,0:-1,9999
1,1:1,0
1,2:-1,9999
2,0:-1,9999
2,1:-1,9999
2,2:2,0
Routing Complete


09:00:40.699355
Routing Update
0,0:0,0
0,1:-1,9999
0,2:-1,9999
1,0:-1,9999
1,1:1,0
1,2:-1,9999
2,0:-1,9999
2,1:-1,9999
2,2:2,0
Routing Complete


09:00:46.699693
Routing Update
0,0:0,0
0,1:-1,9999
0,2:-1,9999
1,0:-1,9999
1,1:1,0
1,2:-1,9999
2,0:-1,9999
2,1:-1,9999
2,2:2,0
Routing Complete


09:00:46.700091
Routing Update
0,0:0,0
0,1:-1,9999
0,2:-1,9999
1,0:-1,9999
1,1:1,0
1,2:-1,9999
2,0:-1,9999
2,1:-1,9999
2,2:2,0
Routing Complete


09:00:46.700372
Routing Update
0,0:0,0
0,1:-1,9999
0,2:-1,9999
1,0:-1,9999
1,1:1,0
1,2:-1,9999
2,0:-1,9999
2,1:-1,9999
2,2:2,0
Routing Complete


09:00:52.701763
Routing Update
0,0:0,0
0,1:-1,9999
0,2:-1,9999
1,0:-1,9999
1,1:1,0
1,2:-1,9999
2,0:-1,9999
2,1:-1,9999
2,2:2,0
Routing Complete


09:00:52.702375
Routing Update
0,0:0,0
0,1:-1,9999
0,2:-1,9999
1,0:-1,9999
1,1:1,0
1,2:-1,9999
2,0:-1,9999
2,1:-1,9999
2,2:2,0
Routing Complete


09:00:52.702705
Routing Update
0,0:0,0
0,1:-1,9999
0,2:-1,9999
1,0:-1,9999
1,1:1,0
1,2:-1,9999
2,0:-1,9999
2,1:-1,9999
2,2:2,0
Routing Complete


09:00:58.704058
Routing Update
0,0:0,0
0,1:-1,9999
0,2:-1,9999
1,0:-1,9999
1,1:1,0
1,2:-1,9999
2,0:-1,9999
2,1:-1,9999
2,2:2,0
Routing Complete


09:00:58.704577
Routing Update
0,0:0,0
0,1:-1,9999
0,2:-1,9999
1,0:-1,9999
1,1:1,0
1,2:-1,9999
2,0:-1,9999
2,1:-1,9999
2,2:2,0
Routing Complete


09:00:58.704868
Routing Update
0,0:0,0
0,1:-1,9999
0,2:-1,9999
1,0:-1,9999
1,1:1,0
1,2:-1,9999
2,0:-1,9999
2,1:-1,9999
2,2:2,0
Routing Complete


09:01:04.706120
Routing Update
0,0:0,0
0,1:-1,9999
0,2:-1,9999
1,0:-1,9999
1,1:1,0
1,2:-1,9999
2,0:-1,9999
2,1:-1,9999
2,2:2,0
Routing Complete


09:01:04.706737
Routing Update
0,0:0,0
0,1:-1,9999
0,2:-1,9999
1,0:-1,9999
1,1:1,0
1,2:-1,9999
2,0:-1,9999
2,1:-1,9999
2,2:2,0
Routing Complete


09:01:04.706995
Routing Update
0,0:0,0
0,1:-1,9999
0,2:-1,9999
1,0:-1,9999
1,1:1,0
1,2:-1,9999
2,0:-1,9999
2,1:-1,9999
2,2:2,0
Routing Complete


09:01:10.707461
Routing Update
0,0:0,0
0,1:-1,9999
0,2:-1,9999
1,0:-1,9999
1,1:1,0
1,2:-1,9999
2,0:-1,9999
2,1:-1,9999
2,2:2,0
Routing Complete


09:01:10.708021
Routing Update
0,0:0,0
0,1:-1,9999
0,2:-1,9999
1,0:-1,9999
1,1:1,0
1,2:-1,9999
2,0:-1,9999
2,1:-1,9999
2,2:2,0
Routing Complete


09:01:10.708319
Routing Update
0,0:0,0
0,1:-1,9999
0,2:-1,9999
1,0:-1,9999
1,1:1,0
1,2:-1,9999
2,0:-1,9999
2,1:-1,9999
2,2:2,0
Routing Complete


09:01:16.709100
Routing Update
0,0:0,0
0,1:-1,9999
0,2:-1,9999
1,0:-1,9999
1,1:1,0
1,2:-1,9999
2,0:-1,9999
2,1:-1,9999
2,2:2,0
Routing Complete


09:01:16.709506
Routing Update
0,0:0,0
0,1:-1,9999
0,2:-1,9999
1,0:-1,9999
1,1:1,0
1,2:-1,9999
2,0:-1,9999
2,1:-1,9999
2,2:2,0
Routing Complete


09:01:16.709815
Routing Update
0,0:0,0
0,1:-1,9999
0,2:-1,9999
1,0:-1,9999
1,1:1,0
1,2:-1,9999
2,0:-1,9999
2,1:-1,9999
2,2:2,0
Routing Complete


09:01:22.710652
Routing Update
0,0:0,0
0,1:-1,9999
0,2:-1,9999
1,0:-1,9999
1,1:1,0
1,2:-1,9999
2,0:-1,9999
2,1:-1,9999
2,2:2,0
Routing Complete


09:01:22.711164
Routing Update
0,0:0,0
0,1:-1,9999
0,2:-1,9999
1,0:-1,9999
1,1:1,0
1,2:-1,9999
2,0:-1,9999
2,1:-1,9999
2,2:2,0
Routing Complete


09:01:22.711443
Routing Update
0,0:0,0
0,1:-1,9999
0,2:-1,9999
1,0:-1,9999
1,1:1,0
1,2:-1,9999
2,0:-1,9999
2,1:-1,9999
2,2:2,0
Routing Complete


09:01:28.712271
Routing Update
0,0:0,0
0,1:-1,9999
0,2:-1,9999
1,0:-1,9999
1,1:1,0
1,2:-1,9999
2,0:-1,9999
2,1:-1,9999
2,2:2,0
Routing Complete


09:01:28.712888
Routing Update
0,0:0,0
0,1:-1,9999
0,2:-1,9999
1,0:-1,9999
1,1:1,0
1,2:-1,9999
2,0:-1,9999
2,1:-1,9999
2,2:2,0
Routing Complete


09:01:28.713211
Routing Update
0,0:0,0
0,1:-1,9999
0,2:-1,9999
1,0:-1,9999
1,1:1,0
1,2:-1,9999
2,0:-1,9999
2,1:-1,9999
2,2:2,0
Routing Complete


09:01:34.713323
Routing Update
0,0:0,0
0,1:-1,9999
0,2:-1,9999
1,0:-1,9999
1,1:1,0
1,2:-1,9999
2,0:-1,9999
2,1:-1,9999
2,2:2,0
Routing Complete


09:01:34.714087
Routing Update
0,0:0,0
0,1:-1,9999
0,2:-1,9999
1,0:-1,9999
1,1:1,0
1,2:-1,9999
2,0:-1,9999
2,1:-1,9999
2,2:2,0
Routing Complete


09:01:34.714534
Routing Update
0,0:0,0
0,1:-1,9999
0,2:-1,9999
1,0:-1,9999
1,1:1,0
1,2:-1,9999
2,0:-1,9999
2,1:-1,9999
2,2:2,0
Routing Complete


09:01:40.714430
Routing Update
0,0:0,0
0,1:-1,9999
0,2:-1,9999
1,0:-1,9999
1,1:1,0
1,2:-1,9999
2,0:-1,9999
2,1:-1,9999
2,2:2,0
Routing Complete


09:01:40.714961
Routing Update
0,0:0,0
0,1:-1,9999
0,2:-1,9999
1,0:-1,9999
1,1:1,0
1,2:-1,9999
2,0:-1,9999
2,1:-1,9999
2,2:2,0
Routing Complete


09:01:40.715315
Routing Update
0,0:0,0
0,1:-1,9999
0,2:-1,9999
1,0:-1,9999
1,1:1,0
1,2:-1,9999
2,0:-1,9999
2,1:-1,9999
2,2:2,0
Routing Complete


09:01:46.715784
Routing Update
0,0:0,0
0,1:-1,9999
0,2:-1,9999
1,0:-1,9999
1,1:1,0
1,2:-1,9999
2,0:-1,9999
2,1:-1,9999
2,2:2,0
Routing Complete


09:01:46.716455
Routing Update
0,0:0,0
0,1:-1,9999
0,2:-1,9999
1,0:-1,9999
1,1:1,0
1,2:-1,9999
2,0:-1,9999
2,1:-1,9999
2,2:2,0
Routing Complete


09:01:46.716778
Routing Update
0,0:0,0
0,1:-1,9999
0,2:-1,9999
1,0:-1,9999
1,1:1,0
1,2:-1,9999
2,0:-1,9999
2,1:-1,9999
2,2:2,0
Routing Complete


09:01:52.717532
Routing Update
0,0:0,0
0,1:-1,9999
0,2:-1,9999
1,0:-1,9999
1,1:1,0
1,2:-1,9999
2,0:-1,9999
2,1:-1,9999
2,2:2,0
Routing Complete


09:01:52.719004
Routing Update
0,0:0,0
0,1:-1,9999
0,2:-1,9999
1,0:-1,9999
1,1:1,0
1,2:-1,9999
2,0:-1,9999
2,1:-1,9999
2,2:2,0
Routing Complete


09:01:52.719430
Routing Update
0,0:0,0
0,1:-1,9999
0,2:-1,9999
1,0:-1,9999
1,1:1,0
1,2:-1,9999
2,0:-1,9999
2,1:-1,9999
2,2:2,0
Routing Complete


09:01:58.719410
Routing Update
0,0:0,0
0,1:-1,9999
0,2:-1,9999
1,0:-1,9999
1,1:1,0
1,2:-1,9999
2,0:-1,9999
2,1:-1,9999
2,2:2,0
Routing Complete


09:01:58.720044
Routing Update
0,0:0,0
0,1:-1,9999
0,2:-1,9999
1,0:-1,9999
1,1:1,0
1,2:-1,9999
2,0:-1,9999
2,1:-1,9999
2,2:2,0
Routing Complete


09:01:58.720369
Routing Update
0,0:0,0
0,1:-1,9999
0,2:-1,9999
1,0:-1,9999
1,1:1,0
1,2:-1,9999
2,0:-1,9999
2,1:-1,9999
2,2:2,0
Routing Complete


09:02:04.721333
Routing Update
0,0:0,0
0,1:-1,9999
0,2:-1,9999
1,0:-1,9999
1,1:1,0
1,2:-1,9999
2,0:-1,9999
2,1:-1,9999
2,2:2,0
Routing Complete


09:02:04.721985
Routing Update
0,0:0,0
0,1:-1,9999
0,2:-1,9999
1,0:-1,9999
1,1:1,0
1,2:-1,9999
2,0:-1,9999
2,1:-1,9999
2,2:2,0
Routing Complete


09:02:04.722452
Routing Update
0,0:0,0
0,1:-1,9999
0,2:-1,9999
1,0:-1,9999
1,1:1,0
1,2:-1,9999
2,0:-1,9999
2,1:-1,9999
2,2:2,0
Routing Complete


09:02:08.463283
Register Request 0


09:02:10.489358
Register Request 1


09:02:12.488565
Register Request 2


09:02:12.488836
Register Response 0


09:02:12.489067
Register Response 1


09:02:12.489302
Register Response 2


09:02:18.491667
Routing Update
0,0:0,0
0,1:-1,9999
0,2:-1,9999
1,0:-1,9999
1,1:1,0
1,2:-1,9999
2,0:-1,9999
2,1:-1,9999
2,2:2,0
Routing Complete


09:02:18.492291
Routing Update
0,0:0,0
0,1:-1,9999
0,2:-1,9999
1,0:-1,9999
1,1:1,0
1,2:-1,9999
2,0:-1,9999
2,1:-1,9999
2,2:2,0
Routing Complete


09:02:18.492579
Routing Update
0,0:0,0
0,1:-1,9999
0,2:-1,9999
1,0:-1,9999
1,1:1,0
1,2:-1,9999
2,0:-1,9999
2,1:-1,9999
2,2:2,0
Routing Complete


09:02:18.493774
Routing Update
0,0:0,0
0,1:-1,9999
0,2:-1,9999
1,0:-1,9999
1,1:1,0
1,2:-1,9999
2,0:-1,9999
2,1:-1,9999
2,2:2,0
Routing Complete


09:02:18.494726
Routing Update
0,0:0,0
0,1:-1,9999
0,2:-1,9999
1,0:-1,9999
1,1:1,0
1,2:-1,9999
2,0:-1,9999
2,1:-1,9999
2,2:2,0
Routing Complete


09:02:18.495665
Routing Update
0,0:0,0
0,1:-1,9999
0,2:-1,9999
1,0:-1,9999
1,1:1,0
1,2:-1,9999
2,0:-1,9999
2,1:-1,9999
2,2:2,0
Routing Complete


09:02:24.494358
Routing Update
0,0:0,0
0,1:-1,9999
0,2:-1,9999
1,0:-1,9999
1,1:1,0
1,2:-1,9999
2,0:-1,9999
2,1:-1,9999
2,2:2,0
Routing Complete


09:02:24.495514
Routing Update
0,0:0,0
0,1:-1,9999
0,2:-1,9999
1,0:-1,9999
1,1:1,0
1,2:-1,9999
2,0:-1,9999
2,1:-1,9999
2,2:2,0
Routing Complete


09:02:24.496740
Routing Update
0,0:0,0
0,1:-1,9999
0,2:-1,9999
1,0:-1,9999
1,1:1,0
1,2:-1,9999
2,0:-1,9999
2,1:-1,9999
2,2:2,0
Routing Complete


09:02:24.497445
Routing Update
0,0:0,0
0,1:-1,9999
0,2:-1,9999
1,0:-1,9999
1,1:1,0
1,2:-1,9999
2,0:-1,9999
2,1:-1,9999
2,2:2,0
Routing Complete


09:02:24.498386
Routing Update
0,0:0,0
0,1:-1,9999
0,2:-1,9999
1,0:-1,9999
1,1:1,0
1,2:-1,9999
2,0:-1,9999
2,1:-1,9999
2,2:2,0
Routing Complete


09:02:24.499354
Routing Update
0,0:0,0
0,1:-1,9999
0,2:-1,9999
1,0:-1,9999
1,1:1,0
1,2:-1,9999
2,0:-1,9999
2,1:-1,9999
2,2:2,0
Routing Complete


09:02:24.500277
Routing Update
0,0:0,0
0,1:-1,9999
0,2:-1,9999
1,0:-1,9999
1,1:1,0
1,2:-1,9999
2,0:-1,9999
2,1:-1,9999
2,2:2,0
Routing Complete


09:05:03.220962
Register Request 0


09:05:05.456487
Register Request 1


09:05:08.253632
Register Request 2


09:05:08.253834
Register Response 0


09:05:08.253913
Register Response 1


09:05:08.254014
Register Response 2


09:05:20.257215
Routing Update
0,0:0,0
0,1:-1,9999
0,2:-1,9999
1,0:-1,9999
1,1:1,0
1,2:-1,9999
2,0:-1,9999
2,1:-1,9999
2,2:2,0
Routing Complete


09:05:20.257822
Routing Update
0,0:0,0
0,1:-1,9999
0,2:-1,9999
1,0:-1,9999
1,1:1,0
1,2:-1,9999
2,0:-1,9999
2,1:-1,9999
2,2:2,0
Routing Complete


09:05:20.258330
Routing Update
0,0:0,0
0,1:-1,9999
0,2:-1,9999
1,0:-1,9999
1,1:1,0
1,2:-1,9999
2,0:-1,9999
2,1:-1,9999
2,2:2,0
Routing Complete


09:05:22.259564
Routing Update
0,0:0,0
0,1:-1,9999
0,2:-1,9999
1,0:-1,9999
1,1:1,0
1,2:-1,9999
2,0:-1,9999
2,1:-1,9999
2,2:2,0
Routing Complete


09:05:22.260674
Routing Update
0,0:0,0
0,1:-1,9999
0,2:-1,9999
1,0:-1,9999
1,1:1,0
1,2:-1,9999
2,0:-1,9999
2,1:-1,9999
2,2:2,0
Routing Complete


09:05:22.261445
Routing Update
0,0:0,0
0,1:-1,9999
0,2:-1,9999
1,0:-1,9999
1,1:1,0
1,2:-1,9999
2,0:-1,9999
2,1:-1,9999
2,2:2,0
Routing Complete


09:05:32.259992
Routing Update
0,0:0,0
0,1:-1,9999
0,2:-1,9999
1,0:-1,9999
1,1:1,0
1,2:-1,9999
2,0:-1,9999
2,1:-1,9999
2,2:2,0
Routing Complete


09:05:32.260953
Routing Update
0,0:0,0
0,1:-1,9999
0,2:-1,9999
1,0:-1,9999
1,1:1,0
1,2:-1,9999
2,0:-1,9999
2,1:-1,9999
2,2:2,0
Routing Complete


09:05:32.261956
Routing Update
0,0:0,0
0,1:-1,9999
0,2:-1,9999
1,0:-1,9999
1,1:1,0
1,2:-1,9999
2,0:-1,9999
2,1:-1,9999
2,2:2,0
Routing Complete


09:05:32.262900
Routing Update
0,0:0,0
0,1:-1,9999
0,2:-1,9999
1,0:-1,9999
1,1:1,0
1,2:-1,9999
2,0:-1,9999
2,1:-1,9999
2,2:2,0
Routing Complete


09:05:32.263874
Routing Update
0,0:0,0
0,1:-1,9999
0,2:-1,9999
1,0:-1,9999
1,1:1,0
1,2:-1,9999
2,0:-1,9999
2,1:-1,9999
2,2:2,0
Routing Complete


09:07:54.888530
Register Request 0


09:07:57.197782
Register Request 1


09:07:59.328548
Register Request 2


09:07:59.328761
Register Response 0


09:07:59.328893
Register Response 1


09:07:59.329022
Register Response 2


09:08:11.332668
Routing Update
0,0:0,0
0,1:-1,9999
0,2:-1,9999
1,0:-1,9999
1,1:1,0
1,2:-1,9999
2,0:-1,9999
2,1:-1,9999
2,2:2,0
Routing Complete


09:08:11.333267
Routing Update
0,0:0,0
0,1:-1,9999
0,2:-1,9999
1,0:-1,9999
1,1:1,0
1,2:-1,9999
2,0:-1,9999
2,1:-1,9999
2,2:2,0
Routing Complete


09:08:11.333648
Routing Update
0,0:0,0
0,1:-1,9999
0,2:-1,9999
1,0:-1,9999
1,1:1,0
1,2:-1,9999
2,0:-1,9999
2,1:-1,9999
2,2:2,0
Routing Complete


09:08:13.334991
Routing Update
0,0:0,0
0,1:-1,9999
0,2:-1,9999
1,0:-1,9999
1,1:1,0
1,2:-1,9999
2,0:-1,9999
2,1:-1,9999
2,2:2,0
Routing Complete


09:08:13.335937
Routing Update
0,0:0,0
0,1:-1,9999
0,2:-1,9999
1,0:-1,9999
1,1:1,0
1,2:-1,9999
2,0:-1,9999
2,1:-1,9999
2,2:2,0
Routing Complete


09:08:13.336656
Routing Update
0,0:0,0
0,1:-1,9999
0,2:-1,9999
1,0:-1,9999
1,1:1,0
1,2:-1,9999
2,0:-1,9999
2,1:-1,9999
2,2:2,0
Routing Complete


09:08:23.335094
Routing Update
0,0:0,0
0,1:-1,9999
0,2:-1,9999
1,0:-1,9999
1,1:1,0
1,2:-1,9999
2,0:-1,9999
2,1:-1,9999
2,2:2,0
Routing Complete


09:08:23.336020
Routing Update
0,0:0,0
0,1:-1,9999
0,2:-1,9999
1,0:-1,9999
1,1:1,0
1,2:-1,9999
2,0:-1,9999
2,1:-1,9999
2,2:2,0
Routing Complete


09:08:23.336742
Routing Update
0,0:0,0
0,1:-1,9999
0,2:-1,9999
1,0:-1,9999
1,1:1,0
1,2:-1,9999
2,0:-1,9999
2,1:-1,9999
2,2:2,0
Routing Complete


09:08:23.337566
Routing Update
0,0:0,0
0,1:-1,9999
0,2:-1,9999
1,0:-1,9999
1,1:1,0
1,2:-1,9999
2,0:-1,9999
2,1:-1,9999
2,2:2,0
Routing Complete


09:08:23.338457
Routing Update
0,0:0,0
0,1:-1,9999
0,2:-1,9999
1,0:-1,9999
1,1:1,0
1,2:-1,9999
2,0:-1,9999
2,1:-1,9999
2,2:2,0
Routing Complete


09:12:11.649325
Register Request 0


09:12:13.711076
Register Request 1


09:12:15.613698
Register Request 2


09:12:15.613902
Register Response 0


09:12:15.614019
Register Response 1


09:12:15.614134
Register Response 2


09:12:27.616369
Routing Update
0,0:0,0
0,1:-1,9999
0,2:-1,9999
1,0:-1,9999
1,1:1,0
1,2:-1,9999
2,0:-1,9999
2,1:-1,9999
2,2:2,0
Routing Complete


09:12:27.617032
Routing Update
0,0:0,0
0,1:-1,9999
0,2:-1,9999
1,0:-1,9999
1,1:1,0
1,2:-1,9999
2,0:-1,9999
2,1:-1,9999
2,2:2,0
Routing Complete


09:12:27.617391
Routing Update
0,0:0,0
0,1:-1,9999
0,2:-1,9999
1,0:-1,9999
1,1:1,0
1,2:-1,9999
2,0:-1,9999
2,1:-1,9999
2,2:2,0
Routing Complete


09:12:29.618604
Routing Update
0,0:0,0
0,1:-1,9999
0,2:-1,9999
1,0:-1,9999
1,1:1,0
1,2:-1,9999
2,0:-1,9999
2,1:-1,9999
2,2:2,0
Routing Complete


09:12:29.619484
Routing Update
0,0:0,0
0,1:-1,9999
0,2:-1,9999
1,0:-1,9999
1,1:1,0
1,2:-1,9999
2,0:-1,9999
2,1:-1,9999
2,2:2,0
Routing Complete


09:12:29.620285
Routing Update
0,0:0,0
0,1:-1,9999
0,2:-1,9999
1,0:-1,9999
1,1:1,0
1,2:-1,9999
2,0:-1,9999
2,1:-1,9999
2,2:2,0
Routing Complete


09:12:39.619033
Routing Update
0,0:0,0
0,1:-1,9999
0,2:-1,9999
1,0:-1,9999
1,1:1,0
1,2:-1,9999
2,0:-1,9999
2,1:-1,9999
2,2:2,0
Routing Complete


09:12:39.620027
Routing Update
0,0:0,0
0,1:-1,9999
0,2:-1,9999
1,0:-1,9999
1,1:1,0
1,2:-1,9999
2,0:-1,9999
2,1:-1,9999
2,2:2,0
Routing Complete


09:12:39.621193
Routing Update
0,0:0,0
0,1:-1,9999
0,2:-1,9999
1,0:-1,9999
1,1:1,0
1,2:-1,9999
2,0:-1,9999
2,1:-1,9999
2,2:2,0
Routing Complete


09:12:39.622690
Routing Update
0,0:0,0
0,1:-1,9999
0,2:-1,9999
1,0:-1,9999
1,1:1,0
1,2:-1,9999
2,0:-1,9999
2,1:-1,9999
2,2:2,0
Routing Complete


09:12:39.623887
Routing Update
0,0:0,0
0,1:-1,9999
0,2:-1,9999
1,0:-1,9999
1,1:1,0
1,2:-1,9999
2,0:-1,9999
2,1:-1,9999
2,2:2,0
Routing Complete


09:16:15.565747
Register Request 0


09:16:17.788157
Register Request 1


09:16:22.731163
Register Request 2


09:16:22.731364
Register Response 0


09:16:22.731471
Register Response 1


09:16:22.731615
Register Response 2


09:17:47.602829
Register Request 0


09:17:49.795635
Register Request 1


09:17:52.124865
Register Request 2


09:17:52.125149
Register Response 0


09:17:52.125435
Register Response 1


09:17:52.125622
Register Response 2


09:19:08.063687
Register Request 0


09:19:10.584778
Register Request 1


09:19:12.796007
Register Request 2


09:19:12.796220
Register Response 0


09:19:12.796474
Register Response 1


09:19:12.796723
Register Response 2


09:20:34.938194
Register Request 0


09:20:37.337502
Register Request 2


09:20:39.637562
Register Request 1


09:20:39.637902
Register Response 0


09:20:39.638152
Register Response 2


09:20:39.638419
Register Response 1


09:21:50.237832
Register Request 1


09:21:56.227879
Register Request 2


09:22:14.872800
Register Request 0


09:22:14.873144
Register Response 1


09:22:14.873357
Register Response 2


09:22:14.873562
Register Response 0


09:22:53.652615
Register Request 2


09:22:55.825720
Register Request 1


09:23:11.506060
Register Request 0


09:23:11.506277
Register Response 2


09:23:11.506406
Register Response 1


09:23:11.506527
Register Response 0


09:23:48.652027
Register Request 2


09:23:51.047517
Register Request 1


09:23:55.007581
Register Request 0


09:23:55.007910
Register Response 2


09:23:55.008167
Register Response 1


09:23:55.008334
Register Response 0


09:23:55.008446
Routing Update
0,0:0,0
0,1:0,20
0,2:0,10
1,0:1,20
1,1:1,0
1,2:1,30
2,0:2,10
2,1:2,30
2,2:2,0
Routing Complete


09:28:36.503217
Register Request 2


09:28:40.496063
Register Request 1


09:28:43.483001
Register Request 0


09:28:43.483348
Register Response 2


09:28:43.483545
Register Response 1


09:28:43.483654
Register Response 0


09:28:43.483743
Routing Update
0,0:0,0
0,1:0,20
0,2:0,10
1,0:1,20
1,1:1,0
1,2:1,30
2,0:2,10
2,1:2,30
2,2:2,0
Routing Complete


09:29:50.377862
Register Request 2


09:29:53.794560
Register Request 1


09:29:56.182674
Register Request 0


09:29:56.182966
Register Response 2


09:29:56.183161
Register Response 1


09:29:56.183345
Register Response 0


09:29:56.183560
Routing Update
0,0:0,0
0,1:0,20
0,2:0,10
1,0:1,20
1,1:1,0
1,2:1,30
2,0:2,10
2,1:2,30
2,2:2,0
Routing Complete


09:30:23.620752
Register Request 2


09:30:25.951924
Register Request 1


09:30:28.571096
Register Request 0


09:30:28.571338
Register Response 2


09:30:28.571522
Register Response 1


09:30:28.571645
Register Response 0


09:30:28.571756
Routing Update
0,0:0,0
0,1:0,20
0,2:0,10
1,0:1,20
1,1:1,0
1,2:1,30
2,0:2,10
2,1:2,30
2,2:2,0
Routing Complete


09:31:00.417580
Register Request 2


09:31:02.423703
Register Request 1


09:31:04.551656
Register Request 0


09:31:04.551871
Register Response 2


09:31:04.551990
Register Response 1


09:31:04.552125
Register Response 0


09:31:04.552202
Routing Update
0,0:0,0
0,1:0,20
0,2:0,10
1,0:1,20
1,1:1,0
1,2:1,30
2,0:2,10
2,1:2,30
2,2:2,0
Routing Complete


09:31:31.703508
Register Request 2


09:31:34.563196
Register Request 1


09:31:36.999724
Register Request 0


09:31:37.000015
Register Response 2


09:31:37.000261
Register Response 1


09:31:37.000385
Register Response 0


09:31:37.000464
Routing Update
0,0:0,0
0,1:0,20
0,2:0,10
1,0:1,20
1,1:1,0
1,2:1,30
2,0:2,10
2,1:2,30
2,2:2,0
Routing Complete


09:32:32.645618
Register Request 2


09:32:34.859924
Register Request 1


09:32:37.744533
Register Request 0


09:32:37.744739
Register Response 2


09:32:37.744878
Register Response 1


09:32:37.745009
Register Response 0


09:32:37.745107
Routing Update
0,0:0,0
0,1:0,20
0,2:0,10
1,0:1,20
1,1:1,0
1,2:1,30
2,0:2,10
2,1:2,30
2,2:2,0
Routing Complete


09:32:43.747355
Routing Update
0,0:0,0
0,1:-1,9999
0,2:-1,9999
1,0:-1,9999
1,1:1,0
1,2:-1,9999
2,0:-1,9999
2,1:-1,9999
2,2:2,0
Routing Complete


09:32:43.747694
Routing Update
0,0:0,0
0,1:-1,9999
0,2:-1,9999
1,0:-1,9999
1,1:1,0
1,2:-1,9999
2,0:-1,9999
2,1:-1,9999
2,2:2,0
Routing Complete


09:32:43.748037
Routing Update
0,0:0,0
0,1:-1,9999
0,2:-1,9999
1,0:-1,9999
1,1:1,0
1,2:-1,9999
2,0:-1,9999
2,1:-1,9999
2,2:2,0
Routing Complete


09:32:49.748427
Routing Update
0,0:0,0
0,1:-1,9999
0,2:-1,9999
1,0:-1,9999
1,1:1,0
1,2:-1,9999
2,0:-1,9999
2,1:-1,9999
2,2:2,0
Routing Complete


09:32:49.748852
Routing Update
0,0:0,0
0,1:-1,9999
0,2:-1,9999
1,0:-1,9999
1,1:1,0
1,2:-1,9999
2,0:-1,9999
2,1:-1,9999
2,2:2,0
Routing Complete


09:32:49.749477
Routing Update
0,0:0,0
0,1:-1,9999
0,2:-1,9999
1,0:-1,9999
1,1:1,0
1,2:-1,9999
2,0:-1,9999
2,1:-1,9999
2,2:2,0
Routing Complete


09:32:55.749931
Routing Update
0,0:0,0
0,1:-1,9999
0,2:-1,9999
1,0:-1,9999
1,1:1,0
1,2:-1,9999
2,0:-1,9999
2,1:-1,9999
2,2:2,0
Routing Complete


09:32:55.750382
Routing Update
0,0:0,0
0,1:-1,9999
0,2:-1,9999
1,0:-1,9999
1,1:1,0
1,2:-1,9999
2,0:-1,9999
2,1:-1,9999
2,2:2,0
Routing Complete


09:32:55.750680
Routing Update
0,0:0,0
0,1:-1,9999
0,2:-1,9999
1,0:-1,9999
1,1:1,0
1,2:-1,9999
2,0:-1,9999
2,1:-1,9999
2,2:2,0
Routing Complete


09:33:01.750871
Routing Update
0,0:0,0
0,1:-1,9999
0,2:-1,9999
1,0:-1,9999
1,1:1,0
1,2:-1,9999
2,0:-1,9999
2,1:-1,9999
2,2:2,0
Routing Complete


09:33:01.751363
Routing Update
0,0:0,0
0,1:-1,9999
0,2:-1,9999
1,0:-1,9999
1,1:1,0
1,2:-1,9999
2,0:-1,9999
2,1:-1,9999
2,2:2,0
Routing Complete


09:33:01.751780
Routing Update
0,0:0,0
0,1:-1,9999
0,2:-1,9999
1,0:-1,9999
1,1:1,0
1,2:-1,9999
2,0:-1,9999
2,1:-1,9999
2,2:2,0
Routing Complete


09:33:07.752136
Routing Update
0,0:0,0
0,1:-1,9999
0,2:-1,9999
1,0:-1,9999
1,1:1,0
1,2:-1,9999
2,0:-1,9999
2,1:-1,9999
2,2:2,0
Routing Complete


09:33:07.752600
Routing Update
0,0:0,0
0,1:-1,9999
0,2:-1,9999
1,0:-1,9999
1,1:1,0
1,2:-1,9999
2,0:-1,9999
2,1:-1,9999
2,2:2,0
Routing Complete


09:33:07.753007
Routing Update
0,0:0,0
0,1:-1,9999
0,2:-1,9999
1,0:-1,9999
1,1:1,0
1,2:-1,9999
2,0:-1,9999
2,1:-1,9999
2,2:2,0
Routing Complete


09:33:13.753389
Routing Update
0,0:0,0
0,1:-1,9999
0,2:-1,9999
1,0:-1,9999
1,1:1,0
1,2:-1,9999
2,0:-1,9999
2,1:-1,9999
2,2:2,0
Routing Complete


09:33:13.754004
Routing Update
0,0:0,0
0,1:-1,9999
0,2:-1,9999
1,0:-1,9999
1,1:1,0
1,2:-1,9999
2,0:-1,9999
2,1:-1,9999
2,2:2,0
Routing Complete


09:33:13.754432
Routing Update
0,0:0,0
0,1:-1,9999
0,2:-1,9999
1,0:-1,9999
1,1:1,0
1,2:-1,9999
2,0:-1,9999
2,1:-1,9999
2,2:2,0
Routing Complete


09:33:19.755051
Routing Update
0,0:0,0
0,1:-1,9999
0,2:-1,9999
1,0:-1,9999
1,1:1,0
1,2:-1,9999
2,0:-1,9999
2,1:-1,9999
2,2:2,0
Routing Complete


09:33:19.755530
Routing Update
0,0:0,0
0,1:-1,9999
0,2:-1,9999
1,0:-1,9999
1,1:1,0
1,2:-1,9999
2,0:-1,9999
2,1:-1,9999
2,2:2,0
Routing Complete


09:33:19.756140
Routing Update
0,0:0,0
0,1:-1,9999
0,2:-1,9999
1,0:-1,9999
1,1:1,0
1,2:-1,9999
2,0:-1,9999
2,1:-1,9999
2,2:2,0
Routing Complete


09:33:25.756040
Routing Update
0,0:0,0
0,1:-1,9999
0,2:-1,9999
1,0:-1,9999
1,1:1,0
1,2:-1,9999
2,0:-1,9999
2,1:-1,9999
2,2:2,0
Routing Complete


09:33:25.756631
Routing Update
0,0:0,0
0,1:-1,9999
0,2:-1,9999
1,0:-1,9999
1,1:1,0
1,2:-1,9999
2,0:-1,9999
2,1:-1,9999
2,2:2,0
Routing Complete


09:33:25.757122
Routing Update
0,0:0,0
0,1:-1,9999
0,2:-1,9999
1,0:-1,9999
1,1:1,0
1,2:-1,9999
2,0:-1,9999
2,1:-1,9999
2,2:2,0
Routing Complete


09:33:31.757254
Routing Update
0,0:0,0
0,1:-1,9999
0,2:-1,9999
1,0:-1,9999
1,1:1,0
1,2:-1,9999
2,0:-1,9999
2,1:-1,9999
2,2:2,0
Routing Complete


09:33:31.757889
Routing Update
0,0:0,0
0,1:-1,9999
0,2:-1,9999
1,0:-1,9999
1,1:1,0
1,2:-1,9999
2,0:-1,9999
2,1:-1,9999
2,2:2,0
Routing Complete


09:33:31.758240
Routing Update
0,0:0,0
0,1:-1,9999
0,2:-1,9999
1,0:-1,9999
1,1:1,0
1,2:-1,9999
2,0:-1,9999
2,1:-1,9999
2,2:2,0
Routing Complete


09:33:37.759122
Routing Update
0,0:0,0
0,1:-1,9999
0,2:-1,9999
1,0:-1,9999
1,1:1,0
1,2:-1,9999
2,0:-1,9999
2,1:-1,9999
2,2:2,0
Routing Complete


09:33:37.760124
Routing Update
0,0:0,0
0,1:-1,9999
0,2:-1,9999
1,0:-1,9999
1,1:1,0
1,2:-1,9999
2,0:-1,9999
2,1:-1,9999
2,2:2,0
Routing Complete


09:33:37.760534
Routing Update
0,0:0,0
0,1:-1,9999
0,2:-1,9999
1,0:-1,9999
1,1:1,0
1,2:-1,9999
2,0:-1,9999
2,1:-1,9999
2,2:2,0
Routing Complete


09:33:43.761123
Routing Update
0,0:0,0
0,1:-1,9999
0,2:-1,9999
1,0:-1,9999
1,1:1,0
1,2:-1,9999
2,0:-1,9999
2,1:-1,9999
2,2:2,0
Routing Complete


09:33:43.761947
Routing Update
0,0:0,0
0,1:-1,9999
0,2:-1,9999
1,0:-1,9999
1,1:1,0
1,2:-1,9999
2,0:-1,9999
2,1:-1,9999
2,2:2,0
Routing Complete


09:33:43.762321
Routing Update
0,0:0,0
0,1:-1,9999
0,2:-1,9999
1,0:-1,9999
1,1:1,0
1,2:-1,9999
2,0:-1,9999
2,1:-1,9999
2,2:2,0
Routing Complete


09:33:49.762560
Routing Update
0,0:0,0
0,1:-1,9999
0,2:-1,9999
1,0:-1,9999
1,1:1,0
1,2:-1,9999
2,0:-1,9999
2,1:-1,9999
2,2:2,0
Routing Complete


09:33:49.763348
Routing Update
0,0:0,0
0,1:-1,9999
0,2:-1,9999
1,0:-1,9999
1,1:1,0
1,2:-1,9999
2,0:-1,9999
2,1:-1,9999
2,2:2,0
Routing Complete


09:33:49.770674
Routing Update
0,0:0,0
0,1:-1,9999
0,2:-1,9999
1,0:-1,9999
1,1:1,0
1,2:-1,9999
2,0:-1,9999
2,1:-1,9999
2,2:2,0
Routing Complete


09:33:55.763379
Routing Update
0,0:0,0
0,1:-1,9999
0,2:-1,9999
1,0:-1,9999
1,1:1,0
1,2:-1,9999
2,0:-1,9999
2,1:-1,9999
2,2:2,0
Routing Complete


09:33:55.764082
Routing Update
0,0:0,0
0,1:-1,9999
0,2:-1,9999
1,0:-1,9999
1,1:1,0
1,2:-1,9999
2,0:-1,9999
2,1:-1,9999
2,2:2,0
Routing Complete


09:33:55.764587
Routing Update
0,0:0,0
0,1:-1,9999
0,2:-1,9999
1,0:-1,9999
1,1:1,0
1,2:-1,9999
2,0:-1,9999
2,1:-1,9999
2,2:2,0
Routing Complete


09:34:01.764698
Routing Update
0,0:0,0
0,1:-1,9999
0,2:-1,9999
1,0:-1,9999
1,1:1,0
1,2:-1,9999
2,0:-1,9999
2,1:-1,9999
2,2:2,0
Routing Complete


09:34:01.765176
Routing Update
0,0:0,0
0,1:-1,9999
0,2:-1,9999
1,0:-1,9999
1,1:1,0
1,2:-1,9999
2,0:-1,9999
2,1:-1,9999
2,2:2,0
Routing Complete


09:34:01.765530
Routing Update
0,0:0,0
0,1:-1,9999
0,2:-1,9999
1,0:-1,9999
1,1:1,0
1,2:-1,9999
2,0:-1,9999
2,1:-1,9999
2,2:2,0
Routing Complete


09:34:07.766047
Routing Update
0,0:0,0
0,1:-1,9999
0,2:-1,9999
1,0:-1,9999
1,1:1,0
1,2:-1,9999
2,0:-1,9999
2,1:-1,9999
2,2:2,0
Routing Complete


09:34:07.766543
Routing Update
0,0:0,0
0,1:-1,9999
0,2:-1,9999
1,0:-1,9999
1,1:1,0
1,2:-1,9999
2,0:-1,9999
2,1:-1,9999
2,2:2,0
Routing Complete


09:34:07.767302
Routing Update
0,0:0,0
0,1:-1,9999
0,2:-1,9999
1,0:-1,9999
1,1:1,0
1,2:-1,9999
2,0:-1,9999
2,1:-1,9999
2,2:2,0
Routing Complete


09:34:13.767856
Routing Update
0,0:0,0
0,1:-1,9999
0,2:-1,9999
1,0:-1,9999
1,1:1,0
1,2:-1,9999
2,0:-1,9999
2,1:-1,9999
2,2:2,0
Routing Complete


09:34:13.768285
Routing Update
0,0:0,0
0,1:-1,9999
0,2:-1,9999
1,0:-1,9999
1,1:1,0
1,2:-1,9999
2,0:-1,9999
2,1:-1,9999
2,2:2,0
Routing Complete


09:34:13.768842
Routing Update
0,0:0,0
0,1:-1,9999
0,2:-1,9999
1,0:-1,9999
1,1:1,0
1,2:-1,9999
2,0:-1,9999
2,1:-1,9999
2,2:2,0
Routing Complete


09:34:26.664193
Register Request 2


09:34:28.931406
Register Request 1


09:34:31.029219
Register Request 0


09:34:31.029424
Register Response 2


09:34:31.029509
Register Response 1


09:34:31.029579
Register Response 0


09:34:31.029647
Routing Update
0,0:0,0
0,1:0,20
0,2:0,10
1,0:1,20
1,1:1,0
1,2:1,30
2,0:2,10
2,1:2,30
2,2:2,0
Routing Complete


09:34:31.031432
Routing Update
0,0:0,0
0,1:-1,9999
0,2:-1,9999
1,0:-1,9999
1,1:1,0
1,2:1,20
2,0:-1,9999
2,1:2,20
2,2:2,0
Routing Complete


09:34:31.032643
Routing Update
0,0:0,0
0,1:-1,9999
0,2:-1,9999
1,0:-1,9999
1,1:1,0
1,2:-1,9999
2,0:-1,9999
2,1:-1,9999
2,2:2,0
Routing Complete


09:34:31.033580
Routing Update
0,0:0,0
0,1:-1,9999
0,2:-1,9999
1,0:-1,9999
1,1:1,0
1,2:-1,9999
2,0:-1,9999
2,1:-1,9999
2,2:2,0
Routing Complete


09:35:01.034384
Routing Update
0,0:0,0
0,1:-1,9999
0,2:-1,9999
1,0:-1,9999
1,1:1,0
1,2:-1,9999
2,0:-1,9999
2,1:-1,9999
2,2:2,0
Routing Complete


09:35:01.035596
Routing Update
0,0:0,0
0,1:-1,9999
0,2:-1,9999
1,0:-1,9999
1,1:1,0
1,2:-1,9999
2,0:-1,9999
2,1:-1,9999
2,2:2,0
Routing Complete


09:35:01.036301
Routing Update
0,0:0,0
0,1:-1,9999
0,2:-1,9999
1,0:-1,9999
1,1:1,0
1,2:-1,9999
2,0:-1,9999
2,1:-1,9999
2,2:2,0
Routing Complete


09:35:07.035616
Routing Update
0,0:0,0
0,1:-1,9999
0,2:-1,9999
1,0:-1,9999
1,1:1,0
1,2:-1,9999
2,0:-1,9999
2,1:-1,9999
2,2:2,0
Routing Complete


09:35:13.036365
Routing Update
0,0:0,0
0,1:-1,9999
0,2:-1,9999
1,0:-1,9999
1,1:1,0
1,2:-1,9999
2,0:-1,9999
2,1:-1,9999
2,2:2,0
Routing Complete


09:35:19.037370
Routing Update
0,0:0,0
0,1:-1,9999
0,2:-1,9999
1,0:-1,9999
1,1:1,0
1,2:-1,9999
2,0:-1,9999
2,1:-1,9999
2,2:2,0
Routing Complete
