

11:46:03.238347
Register Request Sent


11:46:36.050998
Register Response received


12:24:52.232884
Register Request Sent


12:24:58.533684
Register Response received


12:25:58.384388
Register Request Sent


12:30:54.225063
Register Request Sent


12:31:29.964918
Register Request Sent


12:36:50.987679
Register Request Sent


12:37:01.950515
Register Response received


12:39:16.968417
Register Request Sent


12:39:21.561942
Register Response received


12:42:19.139355
Register Request Sent


12:42:23.937345
Register Response received


12:43:32.282076
Register Request Sent


12:43:40.472769
Register Response received


12:45:32.679696
Register Request Sent


12:45:37.137985
Register Response received


12:46:09.908982
Register Request Sent


12:46:14.126117
Register Response received


12:50:00.273872
Register Request Sent


12:50:04.775574
Register Request Sent


12:50:09.358680
Register Response received


12:52:46.481957
Register Request Sent


12:53:25.380694
Register Request Sent


12:53:30.828295
Register Response received


22:17:05.519992
Register Request Sent


22:18:54.295850
Register Request Sent


22:19:47.958601
Register Request Sent


22:20:56.489227
Register Response received


13:19:56.469429
Register Request Sent


13:20:09.721270
Register Response received


13:27:23.633089
Register Request Sent


13:27:30.297955
Register Response received


13:53:43.798913
Register Request Sent


13:59:29.517242
Register Request Sent


14:03:00.398629
Register Request Sent


14:03:59.004134
Register Request Sent


14:04:48.128879
Register Request Sent


14:05:36.703232
Register Request Sent


14:07:17.881519
Register Request Sent


14:07:51.161600
Register Request Sent


14:08:55.421690
Register Request Sent


14:08:59.412679
Register Response received


14:10:10.789137
Register Request Sent


14:10:12.927939
Register Response received


14:10:12.960942
Routing Update
0,1:-1
0,2:-1
Routing Complete


14:13:05.100569
Register Request Sent


14:13:08.497991
Register Response received


14:13:08.528856
Routing Update
0,1:-1
0,2:-1
Routing Complete


14:21:09.346366
Register Request Sent


14:21:15.925760
Register Response received


14:21:27.613706
Register Request Sent


14:21:29.737732
Register Response received


14:21:51.310895
Register Request Sent


14:21:53.653896
Register Response received


14:21:53.688893
Routing Update
0,1:-1
0,2:-1
0,0:0
Routing Complete


14:22:43.568075
Register Request Sent


14:22:57.296409
Register Response received


14:22:57.324410
Routing Update
0,1:-1
0,2:-1
0,0:0
Routing Complete


14:25:37.241989
Register Request Sent


14:25:48.639866
Register Response received


14:25:48.668865
Routing Update
0,1:-1
0,2:-1
0,0:0
Routing Complete


14:26:54.994734
Register Request Sent


14:26:56.313322
Register Response received


14:26:56.347323
Routing Update
0,1:-1
0,2:-1
0,0:0
Routing Complete


14:27:27.823695
Register Request Sent


14:27:29.955618
Register Response received


14:27:29.988616
Routing Update
0,1:1
0,2:2
0,0:0
Routing Complete


14:27:53.628409
Register Request Sent


14:27:55.174811
Register Response received


14:27:55.212812
Routing Update
0,1:1
0,2:2
0,0:0
Routing Complete


14:30:42.712579
Register Request Sent


14:30:44.704562
Register Response received


14:30:44.738562
Routing Update
0,0:0
0,1:1
0,2:2
Routing Complete
