

19:07:35.791947
Register Request Sent


19:07:35.818881
Register Response received


19:07:35.826884
Routing Update
2,0:0
2,1:1
2,2:2
Routing Complete


19:35:06.834089
Register Request Sent


19:35:06.848238
Register Response received


19:35:06.858237
Routing Update
2,0:0
2,1:1
2,2:2
Routing Complete


19:40:44.357622
Register Request Sent


19:40:44.371623
Register Response received


19:40:44.378622
Routing Update
2,0:0
2,1:1
2,2:2
Routing Complete


19:42:06.181645
Register Request Sent


19:42:06.195645
Register Response received


19:42:06.201646
Routing Update
2,0:0
2,1:1
2,2:2
Routing Complete


19:47:45.958713
Register Request Sent


19:47:45.972713
Register Response received


19:47:45.979713
Routing Update
2,0:0
2,1:1
2,2:2
Routing Complete


19:51:35.993988
Register Request Sent


19:51:36.008994
Register Response received


19:51:36.015990
Routing Update
2,0:0
2,1:1
2,2:2
Routing Complete


19:52:49.957385
Register Request Sent


19:52:49.972385
Register Response received


19:52:49.978385
Routing Update
2,0:0
2,1:1
2,2:2
Routing Complete


19:55:37.102288
Register Request Sent


19:55:37.119268
Register Response received


19:55:37.126267
Routing Update
2,0:0
2,1:1
2,2:2
Routing Complete


19:58:10.164753
Register Request Sent


19:58:10.179760
Register Response received


19:58:10.186753
Routing Update
2,0:0
2,1:1
2,2:2
Routing Complete


20:04:17.325726
Register Request Sent


20:04:17.340726
Register Response received


20:04:17.347726
Routing Update
2,0:0
2,1:1
2,2:2
Routing Complete


20:15:06.487593
Register Request Sent


20:15:06.499565
Register Response received


20:15:06.508868
Routing Update
2,0:0
2,1:1
2,2:2
Routing Complete


20:15:06.516868
Routing Update
2,0:0
2,1:1
2,2:2
Routing Complete


20:15:06.521869
Routing Update
2,0:0
2,1:1
2,2:2
Routing Complete


20:15:06.527869
Routing Update
2,0:0
2,1:1
2,2:2
Routing Complete


20:15:08.535922
Routing Update
2,0:0
2,1:1
2,2:2
Routing Complete


20:15:08.542923
Routing Update
2,0:0
2,1:1
2,2:2
Routing Complete


20:15:08.549113
Routing Update
2,0:0
2,1:1
2,2:2
Routing Complete


20:17:42.475839
Register Request Sent


20:17:42.490761
Register Response received


20:17:42.497760
Routing Update
2,0:0
2,1:1
2,2:2
Routing Complete


20:17:42.504761
Routing Update
2,0:0
2,1:1
2,2:2
Routing Complete


20:17:42.509760
Routing Update
2,0:0
2,1:1
2,2:2
Routing Complete


20:17:42.516761
Routing Update
2,0:0
2,1:1
2,2:2
Routing Complete


20:17:48.532926
Routing Update
2,0:0
2,1:1
2,2:2
Routing Complete


20:17:48.541483
Routing Update
2,0:0
2,1:1
2,2:2
Routing Complete


20:17:48.547482
Routing Update
2,0:0
2,1:1
2,2:2
Routing Complete


20:29:04.807673
Register Request Sent


20:29:04.821670
Register Response received


20:29:04.828673
Routing Update
2,0:0
2,1:1
2,2:2
Routing Complete


20:29:04.834673
Routing Update
2,0:0
2,1:1
2,2:2
Routing Complete


20:29:04.840671
Routing Update
2,0:0
2,1:1
2,2:2
Routing Complete


20:29:04.846671
Routing Update
2,0:0
2,1:1
2,2:2
Routing Complete


20:29:10.864949
Routing Update
2,0:0
2,1:1
2,2:2
Routing Complete


20:29:10.871950
Routing Update
2,0:0
2,1:1
2,2:2
Routing Complete


20:29:10.877956
Routing Update
2,0:0
2,1:1
2,2:2
Routing Complete


20:35:46.217237
Register Request Sent


20:35:46.233236
Register Response received


20:35:46.241239
Routing Update
2,0:0
2,1:1
2,2:2
Routing Complete


20:35:46.248237
Routing Update
2,0:0
2,1:1
2,2:2
Routing Complete


20:35:46.254238
Routing Update
2,0:0
2,1:1
2,2:2
Routing Complete


20:35:46.261237
Routing Update
2,0:0
2,1:1
2,2:2
Routing Complete


20:35:52.279506
Routing Update
2,0:0
2,1:1
2,2:2
Routing Complete


20:35:52.286506
Routing Update
2,0:0
2,1:1
2,2:2
Routing Complete


20:35:52.292505
Routing Update
2,0:0
2,1:1
2,2:2
Routing Complete


20:39:10.240706
Register Request Sent


20:39:10.255688
Register Response received


20:39:10.262686
Routing Update
2,0:0
2,1:1
2,2:2
Routing Complete


20:39:10.270686
Routing Update
2,0:0
2,1:1
2,2:2
Routing Complete


20:39:10.276686
Routing Update
2,0:0
2,1:1
2,2:2
Routing Complete


20:39:10.282687
Routing Update
2,0:0
2,1:1
2,2:2
Routing Complete


20:39:16.291597
Routing Update
2,0:0
2,1:1
2,2:2
Routing Complete


20:39:16.299597
Routing Update
2,0:0
2,1:1
2,2:2
Routing Complete


20:39:16.310597
Routing Update
2,0:0
2,1:1
2,2:2
Routing Complete
